2023-11-16 11:58:03,013 [INFO] Activator:176 - 


2023-11-16 11:58:03,016 [INFO] Activator:177 - !SESSION log4j initialized
2023-11-16 11:58:09,086 [INFO] LogOutputStream:77 - [STDOUT_REDIRECT] 
2023-11-16 11:58:13,229 [INFO] ApplicationProperties:184 - Using Application install path: C:\ST\STM32CubeIDE_1.12.1\STM32CubeIDE\plugins\com.st.stm32cube.common.mx_6.8.1.202304191431
2023-11-16 11:58:13,269 [INFO] DbMcusXml:78 - Set database path to: C:\ST\STM32CubeIDE_1.12.1\STM32CubeIDE\plugins\com.st.stm32cube.common.mx_6.8.1.202304191431\\db\/mcu/
2023-11-16 11:58:13,269 [INFO] ApiDb:274 - Set plugin database path to: C:\ST\STM32CubeIDE_1.12.1\STM32CubeIDE\plugins\com.st.stm32cube.common.mx_6.8.1.202304191431\\db\/plugins/boardmanager/
2023-11-16 11:58:13,273 [WARN] ApiDb:259 - Overriding images path with different value:  => C:\ST\STM32CubeIDE_1.12.1\STM32CubeIDE\plugins\com.st.stm32cube.common.mx_6.8.1.202304191431\\db\/plugins/mcufinder/images/
2023-11-16 11:58:13,315 [INFO] ApiDb:250 - Set database path to: C:\Users\Admin\.stmcufinder\plugins\mcufinder//mcu/
2023-11-16 11:58:13,319 [INFO] DbMcusAds:125 - Set database path to: C:\Users\Admin\.stmcufinder\plugins\mcufinder//mcu/
2023-11-16 11:58:13,325 [INFO] CrossReferenceDbSqlite:203 - Set database path to: C:\Users\Admin\.stmcufinder\plugins\mcufinder//mcu/cs/
2023-11-16 11:58:13,673 [INFO] RulesReader:64 - Compatibility file has been processed (293 Rules)
2023-11-16 11:58:13,865 [INFO] DbMcusXml:78 - Set database path to: C:\ST\STM32CubeIDE_1.12.1\STM32CubeIDE\plugins\com.st.stm32cube.common.mx_6.8.1.202304191431\\db\/mcu/
2023-11-16 11:58:13,865 [INFO] ApiDb:274 - Set plugin database path to: C:\ST\STM32CubeIDE_1.12.1\STM32CubeIDE\plugins\com.st.stm32cube.common.mx_6.8.1.202304191431\\db\/plugins/boardmanager/
2023-11-16 11:58:13,867 [INFO] ApiDb:261 - Set plugin images path to: C:\ST\STM32CubeIDE_1.12.1\STM32CubeIDE\plugins\com.st.stm32cube.common.mx_6.8.1.202304191431\\db\/plugins/mcufinder/images/
2023-11-16 11:58:13,867 [WARN] DbFile:41 - Overriding database path with different value: C:\Users\Admin\.stmcufinder\plugins\mcufinder/ => C:\Users\Admin\.stmcufinder\plugins\mcufinder
2023-11-16 11:58:13,868 [INFO] ApiDb:250 - Set database path to: C:\Users\Admin\.stmcufinder\plugins\mcufinder//mcu/
2023-11-16 11:58:13,868 [WARN] DbFile:41 - Overriding database path with different value: C:\Users\Admin\.stmcufinder\plugins\mcufinder/ => C:\Users\Admin\.stmcufinder\plugins\mcufinder
2023-11-16 11:58:13,868 [INFO] DbMcusAds:125 - Set database path to: C:\Users\Admin\.stmcufinder\plugins\mcufinder//mcu/
2023-11-16 11:58:13,869 [WARN] DbFile:41 - Overriding database path with different value: C:\Users\Admin\.stmcufinder\plugins\mcufinder/ => C:\Users\Admin\.stmcufinder\plugins\mcufinder
2023-11-16 11:58:13,869 [WARN] DbFile:41 - Overriding database path with different value: C:\Users\Admin\.stmcufinder\plugins\mcufinder/ => C:\Users\Admin\.stmcufinder\plugins\mcufinder
2023-11-16 11:58:13,870 [INFO] CrossReferenceDbSqlite:203 - Set database path to: C:\Users\Admin\.stmcufinder\plugins\mcufinder//mcu/cs/
2023-11-16 11:58:14,096 [INFO] MainPanel:253 - HeapMemory: 268435456
2023-11-16 11:58:14,301 [INFO] DbMcusXml:78 - Set database path to: C:\ST\STM32CubeIDE_1.12.1\STM32CubeIDE\plugins\com.st.stm32cube.common.mx_6.8.1.202304191431\\db\/mcu/
2023-11-16 11:58:14,301 [INFO] ApiDb:274 - Set plugin database path to: C:\ST\STM32CubeIDE_1.12.1\STM32CubeIDE\plugins\com.st.stm32cube.common.mx_6.8.1.202304191431\\db\/plugins/boardmanager/
2023-11-16 11:58:14,302 [INFO] ApiDb:261 - Set plugin images path to: C:\ST\STM32CubeIDE_1.12.1\STM32CubeIDE\plugins\com.st.stm32cube.common.mx_6.8.1.202304191431\\db\/plugins/mcufinder/images/
2023-11-16 11:58:14,304 [WARN] DbFile:41 - Overriding database path with different value: C:\Users\Admin\.stmcufinder\plugins\mcufinder/ => C:\Users\Admin\.stmcufinder\plugins\mcufinder
2023-11-16 11:58:14,304 [INFO] ApiDb:250 - Set database path to: C:\Users\Admin\.stmcufinder\plugins\mcufinder//mcu/
2023-11-16 11:58:14,304 [WARN] DbFile:41 - Overriding database path with different value: C:\Users\Admin\.stmcufinder\plugins\mcufinder/ => C:\Users\Admin\.stmcufinder\plugins\mcufinder
2023-11-16 11:58:14,305 [INFO] DbMcusAds:125 - Set database path to: C:\Users\Admin\.stmcufinder\plugins\mcufinder//mcu/
2023-11-16 11:58:14,305 [WARN] DbFile:41 - Overriding database path with different value: C:\Users\Admin\.stmcufinder\plugins\mcufinder/ => C:\Users\Admin\.stmcufinder\plugins\mcufinder
2023-11-16 11:58:14,306 [WARN] DbFile:41 - Overriding database path with different value: C:\Users\Admin\.stmcufinder\plugins\mcufinder/ => C:\Users\Admin\.stmcufinder\plugins\mcufinder
2023-11-16 11:58:14,306 [INFO] CrossReferenceDbSqlite:203 - Set database path to: C:\Users\Admin\.stmcufinder\plugins\mcufinder//mcu/cs/
2023-11-16 11:58:14,367 [INFO] ApplicationProperties:184 - Using Application install path: C:\ST\STM32CubeIDE_1.12.1\STM32CubeIDE\plugins\com.st.stm32cube.common.mx_6.8.1.202304191431
2023-11-16 11:58:14,372 [INFO] PluginManage:196 - Search for loadable plugins [exclusion list=, ]
2023-11-16 11:58:14,375 [INFO] PluginManage:310 - Check plugin analytics
2023-11-16 11:58:14,764 [INFO] AnalyticsPlugin:253 - Accepted Software Licenses: STM32CubeMX.6.8.1
2023-11-16 11:58:14,764 [INFO] AnalyticsPlugin:255 - Accepted CMSIS Pack Licenses: 
2023-11-16 11:58:14,765 [INFO] AnalyticsPlugin:257 - Accepted Firmware Licenses: FW.F4.1.27.0
2023-11-16 11:58:14,787 [INFO] PluginManage:359 - Loaded plugin analytics (category:tool,tabindex:-1)
2023-11-16 11:58:14,788 [INFO] PluginManage:310 - Check plugin cadmodel
2023-11-16 11:58:14,829 [INFO] CADModel:105 - Init CAD model plugin
2023-11-16 11:58:14,829 [INFO] PluginManage:359 - Loaded plugin cadmodel (category:power,tabindex:5)
2023-11-16 11:58:14,830 [INFO] PluginManage:310 - Check plugin clock
2023-11-16 11:58:14,871 [INFO] PluginManage:359 - Loaded plugin clock (category:base,tabindex:2)
2023-11-16 11:58:14,872 [INFO] PluginManage:310 - Check plugin ddr
2023-11-16 11:58:14,877 [INFO] PluginManage:359 - Loaded plugin ddr (category:tool,tabindex:6)
2023-11-16 11:58:14,878 [INFO] PluginManage:310 - Check plugin filemanager
2023-11-16 11:58:15,207 [INFO] PluginManage:359 - Loaded plugin filemanager (category:base,tabindex:10)
2023-11-16 11:58:15,208 [INFO] PluginManage:310 - Check plugin ipmanager
2023-11-16 11:58:15,223 [INFO] PluginManage:359 - Loaded plugin ipmanager (category:base,tabindex:5)
2023-11-16 11:58:15,224 [INFO] PluginManage:310 - Check plugin lpbam
2023-11-16 11:58:15,263 [INFO] PluginManage:359 - Loaded plugin lpbam (category:base,tabindex:0)
2023-11-16 11:58:15,263 [INFO] PluginManage:310 - Check plugin pinoutandconfiguration
2023-11-16 11:58:15,295 [INFO] PluginManage:359 - Loaded plugin pinoutandconfiguration (category:base,tabindex:1)
2023-11-16 11:58:15,295 [INFO] PluginManage:310 - Check plugin pinoutconfig
2023-11-16 11:58:15,468 [WARN] SupportedApi:132 - Cannot load RTOS API schema: s4s-elt-must-match.1: The content of 'definitions' must match (annotation?, (simpleType | complexType)?, (unique | key | keyref)*)). A problem was found starting at: attribute.
2023-11-16 11:58:15,743 [INFO] PluginManage:359 - Loaded plugin pinoutconfig (category:base,tabindex:0)
2023-11-16 11:58:15,743 [INFO] PluginManage:310 - Check plugin power
2023-11-16 11:58:15,788 [INFO] PluginManage:359 - Loaded plugin power (category:power,tabindex:4)
2023-11-16 11:58:15,788 [INFO] PluginManage:310 - Check plugin projectmanager
2023-11-16 11:58:15,830 [INFO] PluginManage:359 - Loaded plugin projectmanager (category:projectmanager,tabindex:3)
2023-11-16 11:58:15,830 [INFO] PluginManage:310 - Check plugin thirdparty
2023-11-16 11:58:16,301 [WARN] IntegrityCheckThread:84 - waiting for thirdparty lock release [integrity check]
2023-11-16 11:58:16,301 [INFO] PluginManage:359 - Loaded plugin thirdparty (category:base,tabindex:-1)
2023-11-16 11:58:16,302 [INFO] IntegrityCheckThread:86 - entering critical section [integrity check]
2023-11-16 11:58:16,302 [INFO] PluginManage:310 - Check plugin tools
2023-11-16 11:58:16,305 [INFO] ThirdPartyUpdaterWithRetryManager:70 - Updater plugin not ready yet. [1/15]
2023-11-16 11:58:16,354 [INFO] PluginManage:359 - Loaded plugin tools (category:base,tabindex:7)
2023-11-16 11:58:16,355 [INFO] PluginManage:310 - Check plugin tutovideos
2023-11-16 11:58:16,837 [INFO] PluginManage:359 - Loaded plugin tutovideos (category:base,tabindex:-1)
2023-11-16 11:58:16,838 [INFO] PluginManage:310 - Check plugin updater
2023-11-16 11:58:16,869 [INFO] PluginManage:359 - Loaded plugin updater (category:base,tabindex:12)
2023-11-16 11:58:16,870 [INFO] PluginManage:283 - PluginManage : Loaded plugins [15]
2023-11-16 11:58:17,413 [INFO] PinOutPanel:1499 - setPackage(No Configuration,No Configuration)
2023-11-16 11:58:17,579 [INFO] CADModel:165 - CPN selected for project level
2023-11-16 11:58:17,579 [INFO] CADModel:114 - Register for checkConnection events
2023-11-16 11:58:17,632 [INFO] IPUIPlugin:80 - create IPUIPlugin
2023-11-16 11:58:17,632 [INFO] PluginManager:220 - loadIPPluginJar : add adc
2023-11-16 11:58:17,695 [INFO] IPUIPlugin:80 - create IPUIPlugin
2023-11-16 11:58:17,696 [INFO] PluginManager:220 - loadIPPluginJar : add aes
2023-11-16 11:58:17,758 [INFO] IPUIPlugin:80 - create IPUIPlugin
2023-11-16 11:58:17,758 [INFO] PluginManager:220 - loadIPPluginJar : add can
2023-11-16 11:58:17,791 [INFO] IPUIPlugin:80 - create IPUIPlugin
2023-11-16 11:58:17,791 [INFO] PluginManager:220 - loadIPPluginJar : add comp
2023-11-16 11:58:17,838 [INFO] IPUIPlugin:80 - create IPUIPlugin
2023-11-16 11:58:17,838 [INFO] PluginManager:220 - loadIPPluginJar : add cryp
2023-11-16 11:58:17,880 [INFO] IPUIPlugin:80 - create IPUIPlugin
2023-11-16 11:58:17,880 [INFO] PluginManager:220 - loadIPPluginJar : add dfsdm
2023-11-16 11:58:17,929 [INFO] IPUIPlugin:80 - create IPUIPlugin
2023-11-16 11:58:17,931 [INFO] PluginManager:220 - loadIPPluginJar : add dma
2023-11-16 11:58:18,003 [INFO] IPUIPlugin:80 - create IPUIPlugin
2023-11-16 11:58:18,003 [INFO] PluginManager:220 - loadIPPluginJar : add dma3
2023-11-16 11:58:18,041 [INFO] IPUIPlugin:80 - create IPUIPlugin
2023-11-16 11:58:18,041 [INFO] PluginManager:220 - loadIPPluginJar : add fatfs
2023-11-16 11:58:18,105 [INFO] IPUIPlugin:80 - create IPUIPlugin
2023-11-16 11:58:18,105 [INFO] PluginManager:220 - loadIPPluginJar : add fmc
2023-11-16 11:58:18,130 [INFO] IPUIPlugin:80 - create IPUIPlugin
2023-11-16 11:58:18,130 [INFO] PluginManager:220 - loadIPPluginJar : add freertos
2023-11-16 11:58:18,160 [INFO] IPUIPlugin:80 - create IPUIPlugin
2023-11-16 11:58:18,160 [INFO] PluginManager:220 - loadIPPluginJar : add genericplugin
2023-11-16 11:58:18,348 [INFO] IPUIPlugin:80 - create IPUIPlugin
2023-11-16 11:58:18,348 [INFO] PluginManager:220 - loadIPPluginJar : add gfxmmu
2023-11-16 11:58:18,658 [INFO] IPUIPlugin:80 - create IPUIPlugin
2023-11-16 11:58:18,658 [INFO] PluginManager:220 - loadIPPluginJar : add gic
2023-11-16 11:58:18,689 [INFO] IPUIPlugin:80 - create IPUIPlugin
2023-11-16 11:58:18,690 [INFO] PluginManager:220 - loadIPPluginJar : add gpio
2023-11-16 11:58:18,903 [INFO] IPUIPlugin:80 - create IPUIPlugin
2023-11-16 11:58:18,904 [INFO] PluginManager:220 - loadIPPluginJar : add gtzc
2023-11-16 11:58:18,978 [INFO] IPUIPlugin:80 - create IPUIPlugin
2023-11-16 11:58:18,979 [INFO] PluginManager:220 - loadIPPluginJar : add hash
2023-11-16 11:58:19,060 [INFO] IPUIPlugin:80 - create IPUIPlugin
2023-11-16 11:58:19,061 [INFO] PluginManager:220 - loadIPPluginJar : add i2c
2023-11-16 11:58:19,124 [INFO] IPUIPlugin:80 - create IPUIPlugin
2023-11-16 11:58:19,124 [INFO] PluginManager:220 - loadIPPluginJar : add i2s
2023-11-16 11:58:19,198 [INFO] IPUIPlugin:80 - create IPUIPlugin
2023-11-16 11:58:19,198 [INFO] PluginManager:220 - loadIPPluginJar : add i3c
2023-11-16 11:58:19,309 [INFO] ThirdPartyUpdaterWithRetryManager:70 - Updater plugin not ready yet. [2/15]
2023-11-16 11:58:19,341 [INFO] IPUIPlugin:80 - create IPUIPlugin
2023-11-16 11:58:19,341 [INFO] PluginManager:220 - loadIPPluginJar : add ipddr
2023-11-16 11:58:19,478 [INFO] IPUIPlugin:80 - create IPUIPlugin
2023-11-16 11:58:19,478 [INFO] PluginManager:220 - loadIPPluginJar : add linkedlist
2023-11-16 11:58:19,541 [INFO] IPUIPlugin:80 - create IPUIPlugin
2023-11-16 11:58:19,541 [INFO] PluginManager:220 - loadIPPluginJar : add lorawan
2023-11-16 11:58:19,620 [INFO] IPUIPlugin:80 - create IPUIPlugin
2023-11-16 11:58:19,621 [INFO] PluginManager:220 - loadIPPluginJar : add ltdc
2023-11-16 11:58:19,655 [INFO] IPUIPlugin:80 - create IPUIPlugin
2023-11-16 11:58:19,655 [INFO] PluginManager:220 - loadIPPluginJar : add mdma
2023-11-16 11:58:19,686 [INFO] IPUIPlugin:80 - create IPUIPlugin
2023-11-16 11:58:19,686 [INFO] PluginManager:220 - loadIPPluginJar : add nvic
2023-11-16 11:58:19,771 [INFO] IPUIPlugin:80 - create IPUIPlugin
2023-11-16 11:58:19,771 [INFO] PluginManager:220 - loadIPPluginJar : add opamp
2023-11-16 11:58:19,907 [INFO] IPUIPlugin:80 - create IPUIPlugin
2023-11-16 11:58:19,907 [INFO] PluginManager:220 - loadIPPluginJar : add openamp
2023-11-16 11:58:19,995 [INFO] IPUIPlugin:80 - create IPUIPlugin
2023-11-16 11:58:19,995 [INFO] PluginManager:220 - loadIPPluginJar : add pdm2pcm
2023-11-16 11:58:20,022 [INFO] IPUIPlugin:80 - create IPUIPlugin
2023-11-16 11:58:20,026 [INFO] PluginManager:220 - loadIPPluginJar : add plateformsettings
2023-11-16 11:58:20,060 [INFO] IPUIPlugin:80 - create IPUIPlugin
2023-11-16 11:58:20,060 [INFO] PluginManager:220 - loadIPPluginJar : add quadspi
2023-11-16 11:58:20,083 [INFO] IPUIPlugin:80 - create IPUIPlugin
2023-11-16 11:58:20,083 [INFO] PluginManager:220 - loadIPPluginJar : add resmgrutility
2023-11-16 11:58:20,170 [INFO] IPUIPlugin:80 - create IPUIPlugin
2023-11-16 11:58:20,170 [INFO] PluginManager:220 - loadIPPluginJar : add sai
2023-11-16 11:58:20,223 [INFO] IPUIPlugin:80 - create IPUIPlugin
2023-11-16 11:58:20,223 [INFO] PluginManager:220 - loadIPPluginJar : add spi
2023-11-16 11:58:20,329 [INFO] IPUIPlugin:80 - create IPUIPlugin
2023-11-16 11:58:20,329 [INFO] PluginManager:220 - loadIPPluginJar : add stm32_wpan
2023-11-16 11:58:20,384 [INFO] IPUIPlugin:80 - create IPUIPlugin
2023-11-16 11:58:20,384 [INFO] PluginManager:220 - loadIPPluginJar : add tim
2023-11-16 11:58:20,524 [INFO] IPUIPlugin:80 - create IPUIPlugin
2023-11-16 11:58:20,524 [INFO] PluginManager:220 - loadIPPluginJar : add touchsensing
2023-11-16 11:58:20,578 [INFO] IPUIPlugin:80 - create IPUIPlugin
2023-11-16 11:58:20,578 [INFO] PluginManager:220 - loadIPPluginJar : add tracer_emb
2023-11-16 11:58:20,633 [INFO] IPUIPlugin:80 - create IPUIPlugin
2023-11-16 11:58:20,633 [INFO] PluginManager:220 - loadIPPluginJar : add ts
2023-11-16 11:58:20,685 [INFO] IPUIPlugin:80 - create IPUIPlugin
2023-11-16 11:58:20,685 [INFO] PluginManager:220 - loadIPPluginJar : add tsc
2023-11-16 11:58:20,738 [INFO] IPUIPlugin:80 - create IPUIPlugin
2023-11-16 11:58:20,739 [INFO] PluginManager:220 - loadIPPluginJar : add ucpd
2023-11-16 11:58:20,821 [INFO] IPUIPlugin:80 - create IPUIPlugin
2023-11-16 11:58:20,821 [INFO] PluginManager:220 - loadIPPluginJar : add usart
2023-11-16 11:58:20,885 [INFO] IPUIPlugin:80 - create IPUIPlugin
2023-11-16 11:58:20,885 [INFO] PluginManager:220 - loadIPPluginJar : add usbx
2023-11-16 11:58:21,084 [INFO] CADModel:165 - CPN selected for project level
2023-11-16 11:58:21,084 [INFO] CADModel:114 - Register for checkConnection events
2023-11-16 11:58:21,086 [FATAL] Updater:308 - Updater called before beeing initialized
2023-11-16 11:58:21,086 [ERROR] CADModel:125 - Updater not yet initialized, retry later 
2023-11-16 11:58:21,536 [INFO] CADModel:165 - CPN selected for project level
2023-11-16 11:58:21,536 [INFO] CADModel:114 - Register for checkConnection events
2023-11-16 11:58:21,536 [FATAL] Updater:308 - Updater called before beeing initialized
2023-11-16 11:58:21,536 [ERROR] CADModel:125 - Updater not yet initialized, retry later 
2023-11-16 11:58:21,544 [FATAL] Updater:308 - Updater called before beeing initialized
2023-11-16 11:58:21,779 [FATAL] Updater:308 - Updater called before beeing initialized
2023-11-16 11:58:21,806 [INFO] DbMcusAds:53 - JSON generation date=Tue Mar 07 15:50:55 ICT 2023 (1678179055335)
2023-11-16 11:58:21,807 [FATAL] Updater:308 - Updater called before beeing initialized
2023-11-16 11:58:21,889 [WARN] DetailPanel:346 - Failed to get advertising image, set to default
2023-11-16 11:58:22,136 [FATAL] Updater:308 - Updater called before beeing initialized
2023-11-16 11:58:22,142 [FATAL] Updater:308 - Updater called before beeing initialized
2023-11-16 11:58:22,142 [FATAL] Updater:308 - Updater called before beeing initialized
2023-11-16 11:58:22,143 [WARN] DetailPanel:346 - Failed to get advertising image, set to default
2023-11-16 11:58:22,144 [FATAL] Updater:308 - Updater called before beeing initialized
2023-11-16 11:58:22,319 [ERROR] Updater:1120 - MainUpdater not yet initialized. External WinMGr cannot be set.
2023-11-16 11:58:22,320 [INFO] ThirdPartyUpdaterWithRetryManager:70 - Updater plugin not ready yet. [3/15]
2023-11-16 11:58:22,338 [INFO] Updater:1056 - Updater Version found : 6.8.1
2023-11-16 11:58:22,372 [INFO] ApplicationProperties:184 - Using Application install path: C:\ST\STM32CubeIDE_1.12.1\STM32CubeIDE\plugins\com.st.stm32cube.common.mx_6.8.1.202304191431
2023-11-16 11:58:22,715 [INFO] MainUpdater:2854 - connection check result : 10
2023-11-16 11:58:22,716 [INFO] MainUpdater:3548 - Updater definition file requires update
2023-11-16 11:58:22,721 [INFO] MainUpdater:283 - Updater Check For Update Now.
2023-11-16 11:58:22,722 [INFO] MicroXplorer:498 - Change Database Version : DB.6.0.81
2023-11-16 11:58:22,843 [INFO] ServerAccessManage:473 - Download File updaters.zip
2023-11-16 11:58:23,595 [INFO] FileExtend:240 - Unzip File : updaters.zip
2023-11-16 11:58:23,596 [INFO] FileExtend:255 - Standard Zip Deflate
2023-11-16 11:58:24,374 [INFO] ServerAccessManage:473 - Download File PacksControlFlags.xml
2023-11-16 11:58:24,537 [INFO] ServerAccessManage:473 - Download File cubemx.pidx
2023-11-16 11:58:25,291 [INFO] ServerAccessManage:473 - Download File STMicroelectronics.FP-SNS-MOTENVWB1.pdsc
2023-11-16 11:58:25,329 [WARN] MainUpdater:1187 - Updater busy. Cannot search thirdparties
2023-11-16 11:58:25,329 [INFO] ThirdPartyUpdaterWithRetryManager:96 - Updater plugin is busy. [1/15]
2023-11-16 11:58:28,331 [WARN] MainUpdater:1187 - Updater busy. Cannot search thirdparties
2023-11-16 11:58:28,331 [INFO] ThirdPartyUpdaterWithRetryManager:96 - Updater plugin is busy. [2/15]
2023-11-16 11:58:28,432 [ERROR] ServerAccessManage:1096 - Problem, Http access forbiden
2023-11-16 11:58:28,434 [ERROR] ServerAccessManage:651 - Problem, Http access forbiden : RoweBots.I-CUBE-UNISONRTOS.pdsc.
2023-11-16 11:58:28,811 [WARN] PackLoader:240 - Cannot read IP mode file for STMicroelectronics.FP-SNS-MOTENVWB1.1.3.0
2023-11-16 11:58:28,816 [INFO] PopulateThirdPartyThread:66 - Ending populate Thread
2023-11-16 11:58:28,839 [INFO] ThirdParty:1030 - CMSIS Pack Vendor :STMicroelectronics FP-SNS-MOTENVWB1 1.3.0
2023-11-16 11:58:28,839 [INFO] LoadServerUpdatesThread:373 - End of LoadServerUpdate Thread
2023-11-16 11:58:29,005 [INFO] CheckServerUpdateThread:120 - End of CheckServer Thread
2023-11-16 11:58:29,208 [INFO] MainUpdater:2854 - connection check result : 10
2023-11-16 11:58:29,278 [INFO] McuFinderGlobals:66 - Set McuFinderConnectedMode to true
2023-11-16 11:58:30,074 [INFO] ServerAccessManage:473 - Download File mcusAds.json._tmp_
2023-11-16 11:58:30,192 [INFO] LoadUrlFilesThread:156 - End of LoadUrlFiles Thread
2023-11-16 11:58:30,287 [INFO] ServerAccessManage:473 - Download File cube-finder-db.zip
2023-11-16 11:58:31,339 [WARN] MainUpdater:1187 - Updater busy. Cannot search thirdparties
2023-11-16 11:58:31,340 [INFO] ThirdPartyUpdaterWithRetryManager:96 - Updater plugin is busy. [3/15]
2023-11-16 11:58:32,918 [ERROR] LogOutputStream:75 - [STDERR_REDIRECT] SLF4J: Failed to load class "org.slf4j.impl.StaticLoggerBinder".
2023-11-16 11:58:32,920 [ERROR] LogOutputStream:75 - [STDERR_REDIRECT] SLF4J: Defaulting to no-operation (NOP) logger implementation
2023-11-16 11:58:32,926 [ERROR] LogOutputStream:75 - [STDERR_REDIRECT] SLF4J: See http://www.slf4j.org/codes.html#StaticLoggerBinder for further details.
2023-11-16 11:58:34,355 [WARN] MainUpdater:1187 - Updater busy. Cannot search thirdparties
2023-11-16 11:58:34,356 [INFO] ThirdPartyUpdaterWithRetryManager:96 - Updater plugin is busy. [4/15]
2023-11-16 11:58:37,357 [WARN] MainUpdater:1187 - Updater busy. Cannot search thirdparties
2023-11-16 11:58:37,357 [INFO] ThirdPartyUpdaterWithRetryManager:96 - Updater plugin is busy. [5/15]
2023-11-16 11:58:40,358 [WARN] MainUpdater:1187 - Updater busy. Cannot search thirdparties
2023-11-16 11:58:40,358 [INFO] ThirdPartyUpdaterWithRetryManager:96 - Updater plugin is busy. [6/15]
2023-11-16 11:58:43,369 [WARN] MainUpdater:1187 - Updater busy. Cannot search thirdparties
2023-11-16 11:58:43,370 [INFO] ThirdPartyUpdaterWithRetryManager:96 - Updater plugin is busy. [7/15]
2023-11-16 11:58:43,567 [INFO] FileExtend:240 - Unzip File : cube-finder-db.zip
2023-11-16 11:58:43,568 [INFO] FileExtend:255 - Standard Zip Deflate
2023-11-16 11:58:44,776 [INFO] LoadUrlFilesThread:156 - End of LoadUrlFiles Thread
2023-11-16 11:58:46,162 [INFO] ServerAccessManage:473 - Download File crdb.zip
2023-11-16 11:58:46,378 [WARN] MainUpdater:1187 - Updater busy. Cannot search thirdparties
2023-11-16 11:58:46,378 [INFO] ThirdPartyUpdaterWithRetryManager:96 - Updater plugin is busy. [8/15]
2023-11-16 11:58:49,387 [WARN] MainUpdater:1187 - Updater busy. Cannot search thirdparties
2023-11-16 11:58:49,388 [INFO] FileExtend:240 - Unzip File : crdb.zip
2023-11-16 11:58:49,389 [INFO] ThirdPartyUpdaterWithRetryManager:96 - Updater plugin is busy. [9/15]
2023-11-16 11:58:49,389 [INFO] FileExtend:255 - Standard Zip Deflate
2023-11-16 11:58:49,595 [INFO] LoadUrlFilesThread:156 - End of LoadUrlFiles Thread
2023-11-16 11:58:50,099 [INFO] ServerAccessManage:473 - Download File tutoVideoDB.zip
2023-11-16 11:58:50,182 [INFO] FileExtend:240 - Unzip File : tutoVideoDB.zip
2023-11-16 11:58:50,182 [INFO] FileExtend:255 - Standard Zip Deflate
2023-11-16 11:58:50,319 [INFO] LoadUrlFilesThread:156 - End of LoadUrlFiles Thread
2023-11-16 11:58:50,331 [WARN] DbFile:41 - Overriding database path with different value: C:\Users\Admin\.stmcufinder\plugins\mcufinder/ => C:\Users\Admin\.stmcufinder\plugins\mcufinder
2023-11-16 11:58:50,464 [INFO] ServerAccessManage:473 - Download File api_config.json
2023-11-16 11:58:50,579 [INFO] LoadUrlFilesThread:156 - End of LoadUrlFiles Thread
2023-11-16 11:58:50,581 [INFO] DbMcusAds:53 - JSON generation date=Tue Mar 07 15:50:55 ICT 2023 (1678179055335)
2023-11-16 11:58:50,683 [INFO] LoadUrlFilesThread:185 - End of LoadServerUrlFiles without Thread
2023-11-16 11:58:50,684 [INFO] TargetSelectorAdapter:259 - Refresh data is successful
2023-11-16 11:58:50,995 [INFO] ApiDb:581 - Connected to CubeFinder SQLite database (C:\Users\Admin\.stmcufinder\plugins\mcufinder\mcu\cube-finder-db.db)
2023-11-16 11:58:51,195 [INFO] ApiDb:668 - CubeFinder database Data Model version=2.1
2023-11-16 11:58:51,196 [INFO] ApiDb:669 - CubeFinder database Configuration version=3.0.37
2023-11-16 11:58:51,197 [INFO] ApiDb:670 - CubeFinder database generation date=2023-10-13 (1697197505)
2023-11-16 11:58:51,197 [INFO] ApiDb:671 - CubeFinder database FW Pack versions=[FP-ATR-ASTRA1_V2.0.0, FP-SNS-FLIGHT1_V5.0.1, FP-SNS-FLIGHT1_V5.0.2, FP-SNS-MOTENV1_V4.3.1, FP-SNS-MOTENV1_V4.3.2, FP-SNS-SMARTAG2_V1.2.0, I-CUBE-ITTIADB_V8.6.3-1, STM32Cube_FW_C0_V1.1.0, STM32Cube_FW_F4_V1.27.1, STM32Cube_FW_F7_V1.17.0, STM32Cube_FW_G0_V1.6.1, STM32Cube_FW_G4_V1.5.1, STM32Cube_FW_H5_V0.5.1, STM32Cube_FW_H5_V1.1.1, STM32Cube_FW_H7_V1.11.0, STM32Cube_FW_L0_V1.12.2, STM32Cube_FW_L5_V1.5.0, STM32Cube_FW_U5_V1.3.0, STM32Cube_FW_U5_V1.3.0RC4, STM32Cube_FW_WBA_V1.0.0RC1, STM32Cube_FW_WBA_V1.1.0RC1, STM32Cube_FW_WBA_V1.1.1, STM32Cube_FW_WB_V1.15.0RC1, STM32Cube_FW_WB_V1.16.0, STM32Cube_FW_WB_V1.16.0RC2, STM32Cube_FW_WB_V1.17.3, STM32Cube_FW_WL_V1.3.0, X-CUBE-ALGOBUILD_V1.3.0, X-CUBE-ALS_V1.0.1, X-CUBE-AZRTOS-F4_V1.1.0, X-CUBE-AZRTOS-F7_V1.1.0, X-CUBE-AZRTOS-G0_V1.1.0, X-CUBE-AZRTOS-G4_V2.0.0, X-CUBE-AZRTOS-H7_V3.1.0, X-CUBE-AZRTOS-L4_V1.0.0, X-CUBE-AZRTOS-L4_V2.0.0, X-CUBE-AZRTOS-L5_V1.1.0, X-CUBE-AZRTOS-WB_V2.0.0, X-CUBE-AZRTOS-WL_V2.0.0, X-CUBE-BLE1_V7.0.0, X-CUBE-BLE2_V3.3.0, X-CUBE-BLEMGR_V2.0.0, X-CUBE-EEPRMA1_V4.1.0, X-CUBE-FREERTOS_V1.1.0, X-CUBE-GNSS1_V6.0.0, X-CUBE-MEMS1_V10.0.0, X-CUBE-MEMS1_V9.1.0, X-CUBE-MEMS1_V9.4.0, X-CUBE-MEMS1_V9.6.0, X-CUBE-NFC4_V3.0.0, X-CUBE-NFC7_V1.0.1, X-CUBE-SFXS2LP1_V4.0.0, X-CUBE-SUBG2_V5.0.0, X-CUBE-TOF1_V3.3.1]
2023-11-16 11:58:52,760 [WARN] PackLoader:240 - Cannot read IP mode file for STMicroelectronics.X-CUBE-SMBUS.2.1.0
2023-11-16 11:58:52,910 [WARN] PackLoader:240 - Cannot read IP mode file for STMicroelectronics.X-CUBE-AZRTOS-F7.1.1.0
2023-11-16 11:58:52,945 [WARN] PackLoader:240 - Cannot read IP mode file for STMicroelectronics.FP-SNS-MOTENV1.4.3.2
2023-11-16 11:58:52,993 [ERROR] RealEvaluatedCondition:428 - Found unsupported composite condition: CLASS='Data Exchange' GROUP='STM32_MetaDataManager'
2023-11-16 11:58:52,994 [ERROR] RealEvaluatedCondition:428 - Found unsupported composite condition: GROUP='STM32_MetaDataManager' CLASS='Data Exchange'
2023-11-16 11:58:53,015 [WARN] PackLoader:240 - Cannot read IP mode file for STMicroelectronics.FP-SNS-MOTENV1.4.3.1
2023-11-16 11:58:53,045 [WARN] PackLoader:240 - Cannot read IP mode file for STMicroelectronics.FP-SNS-FLIGHT1.5.0.1
2023-11-16 11:58:53,072 [WARN] PackLoader:240 - Cannot read IP mode file for STMicroelectronics.X-CUBE-BLE1.6.2.4
2023-11-16 11:58:53,106 [WARN] PackLoader:240 - Cannot read IP mode file for STMicroelectronics.X-CUBE-DISPLAY.3.0.0
2023-11-16 11:58:53,145 [WARN] PackLoader:240 - Cannot read IP mode file for STMicroelectronics.X-CUBE-TOUCHGFX.4.22.0
2023-11-16 11:58:53,168 [WARN] PackLoader:240 - Cannot read IP mode file for STMicroelectronics.X-CUBE-TOUCHGFX.4.22.1
2023-11-16 11:58:53,192 [WARN] PackLoader:240 - Cannot read IP mode file for STMicroelectronics.FP-SNS-SMARTAG2.1.2.0
2023-11-16 11:58:53,246 [INFO] LogOutputStream:77 - [STDOUT_REDIRECT] 1 : Invalid condition id : UX_CORESTACK_Condition cause : null
2023-11-16 11:58:53,247 [INFO] LogOutputStream:77 - [STDOUT_REDIRECT] 1 : Invalid condition id : UX_CORESTACK_Condition cause : null
2023-11-16 11:58:53,253 [INFO] LogOutputStream:77 - [STDOUT_REDIRECT] 1 : Invalid condition id : UX_CORESTACK_Condition cause : null
2023-11-16 11:58:53,255 [INFO] LogOutputStream:77 - [STDOUT_REDIRECT] 1 : Invalid condition id : UX_CORESTACK_Condition cause : null
2023-11-16 11:58:53,258 [INFO] LogOutputStream:77 - [STDOUT_REDIRECT] 1 : Invalid condition id : UX_CORESTACK_Condition cause : null
2023-11-16 11:58:53,264 [WARN] PackLoader:240 - Cannot read IP mode file for STMicroelectronics.X-CUBE-AZRTOS-WL.2.0.0
2023-11-16 11:58:53,314 [WARN] PackLoader:240 - Cannot read IP mode file for WES.I-CUBE-Cesium.1.3.0
2023-11-16 11:58:53,335 [WARN] PackLoader:240 - Cannot read IP mode file for STMicroelectronics.X-CUBE-BLE2.3.3.0
2023-11-16 11:58:53,364 [WARN] PackLoader:240 - Cannot read IP mode file for STMicroelectronics.X-CUBE-TOUCHGFX.4.21.4
2023-11-16 11:58:53,387 [WARN] PackLoader:240 - Cannot read IP mode file for STMicroelectronics.X-CUBE-ALGOBUILD.1.3.0
2023-11-16 11:58:53,441 [WARN] PackLoader:240 - Cannot read IP mode file for STMicroelectronics.X-CUBE-AZRTOS-G0.1.1.0
2023-11-16 11:58:53,510 [WARN] PackLoader:240 - Cannot read IP mode file for STMicroelectronics.X-CUBE-NFC4.3.0.0
2023-11-16 11:58:53,569 [WARN] PackLoader:240 - Cannot read IP mode file for STMicroelectronics.X-CUBE-BLEMGR.3.0.0
2023-11-16 11:58:53,582 [WARN] PackLoader:240 - Cannot read IP mode file for STMicroelectronics.FP-ATR-SIGFOX1.3.2.0
2023-11-16 11:58:53,656 [WARN] PackLoader:240 - Cannot read IP mode file for SEGGER.I-CUBE-embOS.1.3.1
2023-11-16 11:58:53,790 [WARN] PackLoader:240 - Cannot read IP mode file for STMicroelectronics.X-CUBE-GNSS1.6.0.0
2023-11-16 11:58:53,853 [WARN] PackLoader:240 - Cannot read IP mode file for STMicroelectronics.X-CUBE-AZRTOS-F4.1.1.0
2023-11-16 11:58:53,879 [WARN] PackLoader:240 - Cannot read IP mode file for wolfSSL.I-CUBE-wolfSSL.5.6.0
2023-11-16 11:58:53,940 [WARN] PackLoader:240 - Cannot read IP mode file for STMicroelectronics.X-CUBE-AZRTOS-L5.2.0.0
2023-11-16 11:58:54,101 [WARN] PackLoader:240 - Cannot read IP mode file for STMicroelectronics.X-CUBE-MEMS1.9.6.0
2023-11-16 11:58:54,453 [WARN] PackLoader:240 - Cannot read IP mode file for STMicroelectronics.X-CUBE-EEPRMA1.4.2.0
2023-11-16 11:58:54,480 [WARN] PackLoader:240 - Cannot read IP mode file for ITTIA_DB.I-CUBE-ITTIADB.8.8.0
2023-11-16 11:58:54,507 [WARN] PackLoader:240 - Cannot read IP mode file for emotas.I-CUBE-CANOPEN.1.1.3
2023-11-16 11:58:54,548 [WARN] PackLoader:240 - Cannot read IP mode file for STMicroelectronics.X-CUBE-BLEMGR.2.0.0
2023-11-16 11:58:54,852 [WARN] ConditionMgr:438 - getConditionDescription Invalid condition id : UX DEVICE CLASS RTOS Condition cause : null
2023-11-16 11:58:54,908 [WARN] ConditionMgr:438 - getConditionDescription Invalid condition id : UX DEVICE CLASS RTOS Condition cause : null
2023-11-16 11:58:54,915 [WARN] PackLoader:240 - Cannot read IP mode file for STMicroelectronics.X-CUBE-AZRTOS-H7.3.1.0
2023-11-16 11:58:54,954 [WARN] ConditionMgr:1039 - genDependencies : Invalid condition id : UX DEVICE CLASS RTOS Condition cause : null
2023-11-16 11:58:54,954 [WARN] ConditionMgr:1039 - genDependencies : Invalid condition id : UX DEVICE CLASS RTOS Condition cause : null
2023-11-16 11:58:54,960 [WARN] ConditionMgr:1039 - genDependencies : Invalid condition id : UX DEVICE CLASS RTOS Condition cause : null
2023-11-16 11:58:54,961 [WARN] ConditionMgr:1039 - genDependencies : Invalid condition id : UX DEVICE CLASS RTOS Condition cause : null
2023-11-16 11:58:54,962 [WARN] ConditionMgr:1039 - genDependencies : Invalid condition id : UX DEVICE CLASS RTOS Condition cause : null
2023-11-16 11:58:55,195 [WARN] PackLoader:240 - Cannot read IP mode file for STMicroelectronics.X-CUBE-NFC7.1.0.1
2023-11-16 11:58:55,369 [WARN] PackLoader:240 - Cannot read IP mode file for STMicroelectronics.X-CUBE-NFC6.3.0.0
2023-11-16 11:58:55,721 [WARN] PackLoader:240 - Cannot read IP mode file for STMicroelectronics.X-CUBE-EEPRMA1.4.1.0
2023-11-16 11:58:55,929 [WARN] ConditionMgr:438 - getConditionDescription Invalid condition id : LAN8742 Phy interface Condition cause : null
2023-11-16 11:58:55,930 [WARN] PackLoader:240 - Cannot read IP mode file for STMicroelectronics.X-CUBE-AZRTOS-L4.2.0.0
2023-11-16 11:58:55,932 [WARN] ConditionMgr:1039 - genDependencies : Invalid condition id : LAN8742 Phy interface Condition cause : null
2023-11-16 11:58:55,933 [WARN] ConditionMgr:1039 - genDependencies : Invalid condition id : LAN8742 Phy interface Condition cause : null
2023-11-16 11:58:55,934 [WARN] ConditionMgr:1039 - genDependencies : Invalid condition id : LAN8742 Phy interface Condition cause : null
2023-11-16 11:58:56,076 [WARN] PackLoader:240 - Cannot read IP mode file for STMicroelectronics.X-CUBE-SFXS2LP1.4.0.0
2023-11-16 11:58:56,156 [WARN] PackLoader:240 - Cannot read IP mode file for STMicroelectronics.X-CUBE-ISPU.1.1.0
2023-11-16 11:58:56,219 [WARN] ConditionMgr:438 - getConditionDescription Invalid condition id : UX DEVICE CLASS RTOS Condition cause : null
2023-11-16 11:58:56,219 [WARN] ConditionMgr:438 - getConditionDescription Invalid condition id : UX DEVICE CLASS RTOS Condition cause : null
2023-11-16 11:58:56,223 [WARN] PackLoader:240 - Cannot read IP mode file for STMicroelectronics.X-CUBE-AZRTOS-WB.2.0.0
2023-11-16 11:58:56,224 [WARN] ConditionMgr:1039 - genDependencies : Invalid condition id : UX DEVICE CLASS RTOS Condition cause : null
2023-11-16 11:58:56,224 [WARN] ConditionMgr:1039 - genDependencies : Invalid condition id : UX DEVICE CLASS RTOS Condition cause : null
2023-11-16 11:58:56,225 [WARN] ConditionMgr:1039 - genDependencies : Invalid condition id : UX DEVICE CLASS RTOS Condition cause : null
2023-11-16 11:58:56,226 [WARN] ConditionMgr:1039 - genDependencies : Invalid condition id : UX DEVICE CLASS RTOS Condition cause : null
2023-11-16 11:58:56,226 [WARN] ConditionMgr:1039 - genDependencies : Invalid condition id : UX DEVICE CLASS RTOS Condition cause : null
2023-11-16 11:58:56,251 [WARN] PackLoader:240 - Cannot read IP mode file for STMicroelectronics.X-CUBE-FREERTOS.1.0.1
2023-11-16 11:58:56,310 [WARN] PackLoader:240 - Cannot read IP mode file for STMicroelectronics.X-CUBE-AZRTOS-L5.1.1.0
2023-11-16 11:58:56,336 [WARN] PackLoader:240 - Cannot read IP mode file for STMicroelectronics.X-CUBE-AI.8.0.1
2023-11-16 11:58:56,369 [WARN] PackLoader:240 - Cannot read IP mode file for STMicroelectronics.X-CUBE-SUBG2.5.0.0
2023-11-16 11:58:56,435 [WARN] PackLoader:240 - Cannot read IP mode file for STMicroelectronics.X-CUBE-TOF1.3.3.1
2023-11-16 11:58:56,775 [WARN] PackLoader:240 - Cannot read IP mode file for STMicroelectronics.X-CUBE-AZRTOS-G4.2.0.0
2023-11-16 11:58:56,940 [WARN] PackLoader:240 - Cannot read IP mode file for STMicroelectronics.X-CUBE-TOF1.3.3.0
2023-11-16 11:58:57,216 [WARN] PackLoader:240 - Cannot read IP mode file for Infineon.AIROC-Wi-Fi-Bluetooth-STM32.1.5.1
2023-11-16 11:58:57,228 [WARN] PackLoader:240 - Cannot read IP mode file for STMicroelectronics.FP-SNS-MOTENVWB1.1.3.0
2023-11-16 11:58:57,630 [WARN] PackLoader:240 - Cannot read IP mode file for STMicroelectronics.X-CUBE-MEMS1.10.0.0
2023-11-16 11:58:57,808 [INFO] ApiDb:240 - Found 297 in-development CPN: [B-G473E-ZEST1S, B-WB1M-WPAN1, B-WL5M-SUBG1, NUCLEO-C031C6, NUCLEO-H503RB, NUCLEO-H563ZI, NUCLEO-U545RE-Q, NUCLEO-U5A5ZJ-Q, NUCLEO-WBA52CG, STEVAL-PROTEUS1, STEVAL-STWINBX1, STM320518-EVAL, STM32C0116-DK, STM32C011D6Y3TR, STM32C011D6Y6TR, STM32C011F4P3, STM32C011F4P6, STM32C011F4U3, STM32C011F4U6TR, STM32C011F6P3, STM32C011F6P6, STM32C011F6U3, STM32C011F6U6TR, STM32C011J4M3, STM32C011J4M6, STM32C011J6M3, STM32C011J6M6, STM32C0316-DK, STM32C031C4T3, STM32C031C4T6, STM32C031C4U3, STM32C031C4U6, STM32C031C6T3, STM32C031C6T6, STM32C031C6U3, STM32C031C6U6, STM32C031F4P3, STM32C031F4P6, STM32C031F6P3, STM32C031F6P6, STM32C031G4U3, STM32C031G4U6, STM32C031G6U3, STM32C031G6U6, STM32C031K4T3, STM32C031K4T6, STM32C031K4U3, STM32C031K4U6, STM32C031K6T3, STM32C031K6T6, STM32C031K6U3, STM32C031K6U6, STM32G071K8TXN, STM32G071K8UXN, STM32G081GBU6N, STM32G081KBT6N, STM32G081KBUXN, STM32G0B1CCT6N, STM32G0B1KCT6, STM32G0B1NEY6TR, STM32G0B1RCT6N, STM32G0C1CCT6, STM32G0C1CCT6N, STM32G0C1CCU6N, STM32G0C1CET6N, STM32G0C1CEU6N, STM32G0C1KCT6, STM32G0C1NEY6TR, STM32G0C1RCI6N, STM32G0C1RCT6N, STM32G0C1REI6N, STM32G0C1RET6N, STM32G0C1VCI6, STM32G0C1VEI6, STM32G471CCT6, STM32G471CCU6, STM32G471CET3, STM32G471CET6, STM32G471CEU3, STM32G471CEU6, STM32G471MCT6, STM32G471MET3, STM32G471MET6, STM32G471MEY6TR, STM32G471QCT6, STM32G471QET3, STM32G471RCT6, STM32G471RET3, STM32G471RET6, STM32G471VCH6, STM32G471VCI6, STM32G471VCT6, STM32G471VEH3, STM32G471VEH6, STM32G471VEI3, STM32G471VEI6, STM32G471VET3, STM32G471VET6, STM32G474CCT6, STM32H503CBT6, STM32H503CBU6, STM32H503EBY6TR, STM32H503KBU6, STM32H503RBT6, STM32H562AGI6, STM32H562AII6, STM32H562IGK6, STM32H562IGT6, STM32H562IIK6, STM32H562IIT6, STM32H562RGT6, STM32H562RGV6, STM32H562RIT6, STM32H562RIV6, STM32H562VGT6, STM32H562VIT6, STM32H562ZGT6, STM32H562ZIT6, STM32H563AGI6, STM32H563AII3Q, STM32H563AII6, STM32H563IGK6, STM32H563IGT6, STM32H563IIK3Q, STM32H563IIK6, STM32H563IIT3Q, STM32H563IIT6, STM32H563MIY3QTR, STM32H563RGT6, STM32H563RGV6, STM32H563RIT6, STM32H563RIV6, STM32H563VGT6, STM32H563VIT3Q, STM32H563VIT6, STM32H563ZGT6, STM32H563ZIT3Q, STM32H563ZIT6, STM32H573AII3Q, STM32H573AII6, STM32H573I-DK, STM32H573IIK3Q, STM32H573IIK6, STM32H573IIT3Q, STM32H573IIT6, STM32H573MIY3QTR, STM32H573RIT6, STM32H573RIV6, STM32H573VIT3Q, STM32H573VIT6, STM32H573ZIT3Q, STM32H573ZIT6, STM32L4R5QGI6STR, STM32MP131AAE3, STM32MP131AAF3, STM32MP131AAG3, STM32MP131CAE3, STM32MP131CAF3, STM32MP131CAG3, STM32MP131DAE7, STM32MP131DAF7, STM32MP131DAG7, STM32MP131FAE7, STM32MP131FAF7, STM32MP131FAG7, STM32MP133AAE3, STM32MP133AAF3, STM32MP133AAG3, STM32MP133CAE3, STM32MP133CAF3, STM32MP133CAG3, STM32MP133DAE7, STM32MP133DAF7, STM32MP133DAG7, STM32MP133FAE7, STM32MP133FAF7, STM32MP133FAG7, STM32MP135AAE3, STM32MP135AAF3, STM32MP135AAG3, STM32MP135CAE3, STM32MP135CAF3, STM32MP135CAG3, STM32MP135DAE7, STM32MP135DAF7, STM32MP135DAG7, STM32MP135F-DK, STM32MP135FAE7, STM32MP135FAF7, STM32MP135FAF7T, STM32MP135FAF7U, STM32MP135FAG7, STM32U535CBT6, STM32U535CBT6Q, STM32U535CBU6, STM32U535CBU6Q, STM32U535CCT6, STM32U535CCT6Q, STM32U535CCU6, STM32U535CCU6Q, STM32U535CET6, STM32U535CET6Q, STM32U535CEU6, STM32U535CEU6Q, STM32U535JEY6QTR, STM32U535NCY6QTR, STM32U535NEY6QTR, STM32U535RBI6, STM32U535RBI6Q, STM32U535RBT6, STM32U535RBT6Q, STM32U535RCI6, STM32U535RCI6Q, STM32U535RCT6, STM32U535RCT6Q, STM32U535REI6, STM32U535REI6Q, STM32U535RET6, STM32U535RET6Q, STM32U535VCI6, STM32U535VCI6Q, STM32U535VCT6, STM32U535VCT6Q, STM32U535VEI6, STM32U535VEI6Q, STM32U535VET6, STM32U535VET6Q, STM32U545CET6, STM32U545CET6Q, STM32U545CEU6, STM32U545CEU6Q, STM32U545JEY6QTR, STM32U545NEY6QTR, STM32U545REI6, STM32U545REI6Q, STM32U545RET6, STM32U545RET6Q, STM32U545VEI6, STM32U545VEI6Q, STM32U545VET6, STM32U545VET6Q, STM32U595AIH6, STM32U595AIH6Q, STM32U595AJH6, STM32U595AJH6Q, STM32U595QII6, STM32U595QII6Q, STM32U595QJI6, STM32U595QJI6Q, STM32U595RIT6, STM32U595RIT6Q, STM32U595RJT6, STM32U595RJT6Q, STM32U595VIT6, STM32U595VIT6Q, STM32U595VJT6, STM32U595VJT6Q, STM32U595ZIT6, STM32U595ZIT6Q, STM32U595ZIY6QTR, STM32U595ZJT6, STM32U595ZJT6Q, STM32U595ZJY6QTR, STM32U599BJY6QTR, STM32U599NIH6Q, STM32U599NJH6Q, STM32U599VIT6Q, STM32U599VJT6, STM32U599VJT6Q, STM32U599ZIT6Q, STM32U599ZIY6QTR, STM32U599ZJT6Q, STM32U599ZJY6QTR, STM32U5A5AJH6, STM32U5A5AJH6Q, STM32U5A5QJI6, STM32U5A5QJI6Q, STM32U5A5RJT6, STM32U5A5RJT6Q, STM32U5A5VJT6, STM32U5A5VJT6Q, STM32U5A5ZJT6, STM32U5A5ZJT6Q, STM32U5A5ZJY6QTR, STM32U5A9BJY6QTR, STM32U5A9J-DK, STM32U5A9NJH6Q, STM32U5A9VJT6Q, STM32U5A9ZJT6Q, STM32U5A9ZJY6QTR, STM32WB1MMCH6, STM32WBA52CEU6, STM32WBA52CEU6T, STM32WBA52CGU6, STM32WBA52CGU6T, STM32WL5MOCH6, STM32WL5MOCH6TR]
2023-11-16 11:58:57,819 [INFO] DbMcus:216 - Found 3825 MCUs, 3825 are supported
2023-11-16 11:58:57,832 [INFO] ApiDb:423 - Load user favorites file C:\Users\Admin/.stm32cubeide/favorites.mcus.txt: 0 item(s)
2023-11-16 11:58:57,833 [INFO] ApiDb:427 - User favorites MCUs=[]
2023-11-16 11:58:57,833 [INFO] DbMcus:222 - Set 0 / 0 favorites MCUs
2023-11-16 11:58:57,946 [WARN] PackLoader:240 - Cannot read IP mode file for STMicroelectronics.X-CUBE-FREERTOS.1.1.0
2023-11-16 11:58:57,978 [WARN] PackLoader:240 - Cannot read IP mode file for portGmbH.I-Cube-SoM-uGOAL.1.1.0
2023-11-16 11:58:58,337 [WARN] PackLoader:240 - Cannot read IP mode file for STMicroelectronics.X-CUBE-ALS.1.0.1
2023-11-16 11:58:58,525 [WARN] PackLoader:240 - Cannot read IP mode file for STMicroelectronics.X-CUBE-AZRTOS-WB.1.1.0
2023-11-16 11:58:58,537 [WARN] PackLoader:240 - Cannot read IP mode file for STMicroelectronics.FP-ATR-ASTRA1.2.0.0
2023-11-16 11:58:58,538 [INFO] ThirdParty:978 - Integrity check success = true
2023-11-16 11:58:58,538 [INFO] IntegrityCheckThread:100 - exiting critical section [integrity check]
2023-11-16 11:58:58,538 [INFO] IntegrityCheckThread:103 - End integrity checks thread
2023-11-16 11:58:59,136 [INFO] ApiDb:668 - CubeFinder database Data Model version=2.1
2023-11-16 11:58:59,136 [INFO] ApiDb:669 - CubeFinder database Configuration version=3.0.37
2023-11-16 11:58:59,136 [INFO] ApiDb:670 - CubeFinder database generation date=2023-10-13 (1697197505)
2023-11-16 11:58:59,136 [INFO] ApiDb:671 - CubeFinder database FW Pack versions=[FP-ATR-ASTRA1_V2.0.0, FP-SNS-FLIGHT1_V5.0.1, FP-SNS-FLIGHT1_V5.0.2, FP-SNS-MOTENV1_V4.3.1, FP-SNS-MOTENV1_V4.3.2, FP-SNS-SMARTAG2_V1.2.0, I-CUBE-ITTIADB_V8.6.3-1, STM32Cube_FW_C0_V1.1.0, STM32Cube_FW_F4_V1.27.1, STM32Cube_FW_F7_V1.17.0, STM32Cube_FW_G0_V1.6.1, STM32Cube_FW_G4_V1.5.1, STM32Cube_FW_H5_V0.5.1, STM32Cube_FW_H5_V1.1.1, STM32Cube_FW_H7_V1.11.0, STM32Cube_FW_L0_V1.12.2, STM32Cube_FW_L5_V1.5.0, STM32Cube_FW_U5_V1.3.0, STM32Cube_FW_U5_V1.3.0RC4, STM32Cube_FW_WBA_V1.0.0RC1, STM32Cube_FW_WBA_V1.1.0RC1, STM32Cube_FW_WBA_V1.1.1, STM32Cube_FW_WB_V1.15.0RC1, STM32Cube_FW_WB_V1.16.0, STM32Cube_FW_WB_V1.16.0RC2, STM32Cube_FW_WB_V1.17.3, STM32Cube_FW_WL_V1.3.0, X-CUBE-ALGOBUILD_V1.3.0, X-CUBE-ALS_V1.0.1, X-CUBE-AZRTOS-F4_V1.1.0, X-CUBE-AZRTOS-F7_V1.1.0, X-CUBE-AZRTOS-G0_V1.1.0, X-CUBE-AZRTOS-G4_V2.0.0, X-CUBE-AZRTOS-H7_V3.1.0, X-CUBE-AZRTOS-L4_V1.0.0, X-CUBE-AZRTOS-L4_V2.0.0, X-CUBE-AZRTOS-L5_V1.1.0, X-CUBE-AZRTOS-WB_V2.0.0, X-CUBE-AZRTOS-WL_V2.0.0, X-CUBE-BLE1_V7.0.0, X-CUBE-BLE2_V3.3.0, X-CUBE-BLEMGR_V2.0.0, X-CUBE-EEPRMA1_V4.1.0, X-CUBE-FREERTOS_V1.1.0, X-CUBE-GNSS1_V6.0.0, X-CUBE-MEMS1_V10.0.0, X-CUBE-MEMS1_V9.1.0, X-CUBE-MEMS1_V9.4.0, X-CUBE-MEMS1_V9.6.0, X-CUBE-NFC4_V3.0.0, X-CUBE-NFC7_V1.0.1, X-CUBE-SFXS2LP1_V4.0.0, X-CUBE-SUBG2_V5.0.0, X-CUBE-TOF1_V3.3.1]
2023-11-16 11:58:59,274 [INFO] DbBoardsSqlite:226 - include board P-NUCLEO-WB55-NUCLEO as a kit item of type 'Nucleo-64'
2023-11-16 11:58:59,274 [INFO] DbBoardsSqlite:226 - include board P-NUCLEO-WB55-USBDONGLE as a kit item of type 'Nucleo USB Dongle'
2023-11-16 11:58:59,274 [INFO] DbBoardsSqlite:226 - include board STEVAL-IDP005V1 as a kit item of type 'Evaluation Board'
2023-11-16 11:58:59,275 [INFO] DbBoardsSqlite:226 - include board STEVAL-IDP005V2 as a kit item of type 'Evaluation Board'
2023-11-16 11:58:59,468 [INFO] ApiDb:240 - Found 297 in-development CPN: [B-G473E-ZEST1S, B-WB1M-WPAN1, B-WL5M-SUBG1, NUCLEO-C031C6, NUCLEO-H503RB, NUCLEO-H563ZI, NUCLEO-U545RE-Q, NUCLEO-U5A5ZJ-Q, NUCLEO-WBA52CG, STEVAL-PROTEUS1, STEVAL-STWINBX1, STM320518-EVAL, STM32C0116-DK, STM32C011D6Y3TR, STM32C011D6Y6TR, STM32C011F4P3, STM32C011F4P6, STM32C011F4U3, STM32C011F4U6TR, STM32C011F6P3, STM32C011F6P6, STM32C011F6U3, STM32C011F6U6TR, STM32C011J4M3, STM32C011J4M6, STM32C011J6M3, STM32C011J6M6, STM32C0316-DK, STM32C031C4T3, STM32C031C4T6, STM32C031C4U3, STM32C031C4U6, STM32C031C6T3, STM32C031C6T6, STM32C031C6U3, STM32C031C6U6, STM32C031F4P3, STM32C031F4P6, STM32C031F6P3, STM32C031F6P6, STM32C031G4U3, STM32C031G4U6, STM32C031G6U3, STM32C031G6U6, STM32C031K4T3, STM32C031K4T6, STM32C031K4U3, STM32C031K4U6, STM32C031K6T3, STM32C031K6T6, STM32C031K6U3, STM32C031K6U6, STM32G071K8TXN, STM32G071K8UXN, STM32G081GBU6N, STM32G081KBT6N, STM32G081KBUXN, STM32G0B1CCT6N, STM32G0B1KCT6, STM32G0B1NEY6TR, STM32G0B1RCT6N, STM32G0C1CCT6, STM32G0C1CCT6N, STM32G0C1CCU6N, STM32G0C1CET6N, STM32G0C1CEU6N, STM32G0C1KCT6, STM32G0C1NEY6TR, STM32G0C1RCI6N, STM32G0C1RCT6N, STM32G0C1REI6N, STM32G0C1RET6N, STM32G0C1VCI6, STM32G0C1VEI6, STM32G471CCT6, STM32G471CCU6, STM32G471CET3, STM32G471CET6, STM32G471CEU3, STM32G471CEU6, STM32G471MCT6, STM32G471MET3, STM32G471MET6, STM32G471MEY6TR, STM32G471QCT6, STM32G471QET3, STM32G471RCT6, STM32G471RET3, STM32G471RET6, STM32G471VCH6, STM32G471VCI6, STM32G471VCT6, STM32G471VEH3, STM32G471VEH6, STM32G471VEI3, STM32G471VEI6, STM32G471VET3, STM32G471VET6, STM32G474CCT6, STM32H503CBT6, STM32H503CBU6, STM32H503EBY6TR, STM32H503KBU6, STM32H503RBT6, STM32H562AGI6, STM32H562AII6, STM32H562IGK6, STM32H562IGT6, STM32H562IIK6, STM32H562IIT6, STM32H562RGT6, STM32H562RGV6, STM32H562RIT6, STM32H562RIV6, STM32H562VGT6, STM32H562VIT6, STM32H562ZGT6, STM32H562ZIT6, STM32H563AGI6, STM32H563AII3Q, STM32H563AII6, STM32H563IGK6, STM32H563IGT6, STM32H563IIK3Q, STM32H563IIK6, STM32H563IIT3Q, STM32H563IIT6, STM32H563MIY3QTR, STM32H563RGT6, STM32H563RGV6, STM32H563RIT6, STM32H563RIV6, STM32H563VGT6, STM32H563VIT3Q, STM32H563VIT6, STM32H563ZGT6, STM32H563ZIT3Q, STM32H563ZIT6, STM32H573AII3Q, STM32H573AII6, STM32H573I-DK, STM32H573IIK3Q, STM32H573IIK6, STM32H573IIT3Q, STM32H573IIT6, STM32H573MIY3QTR, STM32H573RIT6, STM32H573RIV6, STM32H573VIT3Q, STM32H573VIT6, STM32H573ZIT3Q, STM32H573ZIT6, STM32L4R5QGI6STR, STM32MP131AAE3, STM32MP131AAF3, STM32MP131AAG3, STM32MP131CAE3, STM32MP131CAF3, STM32MP131CAG3, STM32MP131DAE7, STM32MP131DAF7, STM32MP131DAG7, STM32MP131FAE7, STM32MP131FAF7, STM32MP131FAG7, STM32MP133AAE3, STM32MP133AAF3, STM32MP133AAG3, STM32MP133CAE3, STM32MP133CAF3, STM32MP133CAG3, STM32MP133DAE7, STM32MP133DAF7, STM32MP133DAG7, STM32MP133FAE7, STM32MP133FAF7, STM32MP133FAG7, STM32MP135AAE3, STM32MP135AAF3, STM32MP135AAG3, STM32MP135CAE3, STM32MP135CAF3, STM32MP135CAG3, STM32MP135DAE7, STM32MP135DAF7, STM32MP135DAG7, STM32MP135F-DK, STM32MP135FAE7, STM32MP135FAF7, STM32MP135FAF7T, STM32MP135FAF7U, STM32MP135FAG7, STM32U535CBT6, STM32U535CBT6Q, STM32U535CBU6, STM32U535CBU6Q, STM32U535CCT6, STM32U535CCT6Q, STM32U535CCU6, STM32U535CCU6Q, STM32U535CET6, STM32U535CET6Q, STM32U535CEU6, STM32U535CEU6Q, STM32U535JEY6QTR, STM32U535NCY6QTR, STM32U535NEY6QTR, STM32U535RBI6, STM32U535RBI6Q, STM32U535RBT6, STM32U535RBT6Q, STM32U535RCI6, STM32U535RCI6Q, STM32U535RCT6, STM32U535RCT6Q, STM32U535REI6, STM32U535REI6Q, STM32U535RET6, STM32U535RET6Q, STM32U535VCI6, STM32U535VCI6Q, STM32U535VCT6, STM32U535VCT6Q, STM32U535VEI6, STM32U535VEI6Q, STM32U535VET6, STM32U535VET6Q, STM32U545CET6, STM32U545CET6Q, STM32U545CEU6, STM32U545CEU6Q, STM32U545JEY6QTR, STM32U545NEY6QTR, STM32U545REI6, STM32U545REI6Q, STM32U545RET6, STM32U545RET6Q, STM32U545VEI6, STM32U545VEI6Q, STM32U545VET6, STM32U545VET6Q, STM32U595AIH6, STM32U595AIH6Q, STM32U595AJH6, STM32U595AJH6Q, STM32U595QII6, STM32U595QII6Q, STM32U595QJI6, STM32U595QJI6Q, STM32U595RIT6, STM32U595RIT6Q, STM32U595RJT6, STM32U595RJT6Q, STM32U595VIT6, STM32U595VIT6Q, STM32U595VJT6, STM32U595VJT6Q, STM32U595ZIT6, STM32U595ZIT6Q, STM32U595ZIY6QTR, STM32U595ZJT6, STM32U595ZJT6Q, STM32U595ZJY6QTR, STM32U599BJY6QTR, STM32U599NIH6Q, STM32U599NJH6Q, STM32U599VIT6Q, STM32U599VJT6, STM32U599VJT6Q, STM32U599ZIT6Q, STM32U599ZIY6QTR, STM32U599ZJT6Q, STM32U599ZJY6QTR, STM32U5A5AJH6, STM32U5A5AJH6Q, STM32U5A5QJI6, STM32U5A5QJI6Q, STM32U5A5RJT6, STM32U5A5RJT6Q, STM32U5A5VJT6, STM32U5A5VJT6Q, STM32U5A5ZJT6, STM32U5A5ZJT6Q, STM32U5A5ZJY6QTR, STM32U5A9BJY6QTR, STM32U5A9J-DK, STM32U5A9NJH6Q, STM32U5A9VJT6Q, STM32U5A9ZJT6Q, STM32U5A9ZJY6QTR, STM32WB1MMCH6, STM32WBA52CEU6, STM32WBA52CEU6T, STM32WBA52CGU6, STM32WBA52CGU6T, STM32WL5MOCH6, STM32WL5MOCH6TR]
2023-11-16 11:58:59,881 [INFO] BoardInfo:880 - No configuration file found for board P-NUCLEO-WB55
2023-11-16 11:58:59,881 [INFO] DbBoards:157 - Kit is not supported: P-NUCLEO-WB55
2023-11-16 11:58:59,894 [INFO] BoardInfo:880 - No configuration file found for board STEVAL-BFA001V1B
2023-11-16 11:58:59,894 [INFO] DbBoards:157 - Kit is not supported: STEVAL-BFA001V1B
2023-11-16 11:58:59,900 [INFO] BoardInfo:880 - No configuration file found for board STEVAL-BFA001V2B
2023-11-16 11:58:59,900 [INFO] DbBoards:157 - Kit is not supported: STEVAL-BFA001V2B
2023-11-16 11:58:59,958 [INFO] BoardInfo:880 - No configuration file found for board STEVAL-SMARTAG2
2023-11-16 11:58:59,958 [INFO] DbBoards:157 - Board is not supported: STEVAL-SMARTAG2
2023-11-16 11:59:00,260 [INFO] DbBoards:161 - Found 188 boards, 184 are supported
2023-11-16 11:59:00,265 [INFO] ApiDb:423 - Load user favorites file C:\Users\Admin/.stm32cubeide/favorites.boards.txt: 0 item(s)
2023-11-16 11:59:00,265 [INFO] ApiDb:427 - User favorites Boards=[]
2023-11-16 11:59:00,266 [INFO] DbBoards:190 - Set 0 / 0 favorites Boards
2023-11-16 11:59:00,270 [INFO] ApiDb:668 - CubeFinder database Data Model version=2.1
2023-11-16 11:59:00,271 [INFO] ApiDb:669 - CubeFinder database Configuration version=3.0.37
2023-11-16 11:59:00,271 [INFO] ApiDb:670 - CubeFinder database generation date=2023-10-13 (1697197505)
2023-11-16 11:59:00,271 [INFO] ApiDb:671 - CubeFinder database FW Pack versions=[FP-ATR-ASTRA1_V2.0.0, FP-SNS-FLIGHT1_V5.0.1, FP-SNS-FLIGHT1_V5.0.2, FP-SNS-MOTENV1_V4.3.1, FP-SNS-MOTENV1_V4.3.2, FP-SNS-SMARTAG2_V1.2.0, I-CUBE-ITTIADB_V8.6.3-1, STM32Cube_FW_C0_V1.1.0, STM32Cube_FW_F4_V1.27.1, STM32Cube_FW_F7_V1.17.0, STM32Cube_FW_G0_V1.6.1, STM32Cube_FW_G4_V1.5.1, STM32Cube_FW_H5_V0.5.1, STM32Cube_FW_H5_V1.1.1, STM32Cube_FW_H7_V1.11.0, STM32Cube_FW_L0_V1.12.2, STM32Cube_FW_L5_V1.5.0, STM32Cube_FW_U5_V1.3.0, STM32Cube_FW_U5_V1.3.0RC4, STM32Cube_FW_WBA_V1.0.0RC1, STM32Cube_FW_WBA_V1.1.0RC1, STM32Cube_FW_WBA_V1.1.1, STM32Cube_FW_WB_V1.15.0RC1, STM32Cube_FW_WB_V1.16.0, STM32Cube_FW_WB_V1.16.0RC2, STM32Cube_FW_WB_V1.17.3, STM32Cube_FW_WL_V1.3.0, X-CUBE-ALGOBUILD_V1.3.0, X-CUBE-ALS_V1.0.1, X-CUBE-AZRTOS-F4_V1.1.0, X-CUBE-AZRTOS-F7_V1.1.0, X-CUBE-AZRTOS-G0_V1.1.0, X-CUBE-AZRTOS-G4_V2.0.0, X-CUBE-AZRTOS-H7_V3.1.0, X-CUBE-AZRTOS-L4_V1.0.0, X-CUBE-AZRTOS-L4_V2.0.0, X-CUBE-AZRTOS-L5_V1.1.0, X-CUBE-AZRTOS-WB_V2.0.0, X-CUBE-AZRTOS-WL_V2.0.0, X-CUBE-BLE1_V7.0.0, X-CUBE-BLE2_V3.3.0, X-CUBE-BLEMGR_V2.0.0, X-CUBE-EEPRMA1_V4.1.0, X-CUBE-FREERTOS_V1.1.0, X-CUBE-GNSS1_V6.0.0, X-CUBE-MEMS1_V10.0.0, X-CUBE-MEMS1_V9.1.0, X-CUBE-MEMS1_V9.4.0, X-CUBE-MEMS1_V9.6.0, X-CUBE-NFC4_V3.0.0, X-CUBE-NFC7_V1.0.1, X-CUBE-SFXS2LP1_V4.0.0, X-CUBE-SUBG2_V5.0.0, X-CUBE-TOF1_V3.3.1]
2023-11-16 11:59:02,506 [ERROR] DbExamplesSqlite:418 - Missing JSON key: board_cpn
2023-11-16 11:59:02,506 [ERROR] DbExamplesSqlite:418 - Missing JSON key: board_cpn
2023-11-16 11:59:02,507 [ERROR] DbExamplesSqlite:418 - Missing JSON key: board_cpn
2023-11-16 11:59:02,507 [ERROR] DbExamplesSqlite:418 - Missing JSON key: board_cpn
2023-11-16 11:59:02,524 [INFO] DbExamplesSqlite:376 - Ignored 27 examples not supported by CubeIDE
2023-11-16 11:59:02,524 [INFO] DbExamplesSqlite:377 - Found 7221 examples active
2023-11-16 11:59:02,530 [INFO] DbExamplesSqlite:378 - Found 777 examples obsolete
2023-11-16 11:59:02,530 [INFO] DbExamplesSqlite:379 - Found 0 examples under development
2023-11-16 11:59:02,533 [INFO] DbExamplesSqlite:380 - Found 74 examples not building
2023-11-16 11:59:02,538 [INFO] DbExamples:125 - Found 7268 examples
2023-11-16 11:59:02,584 [ERROR] DbExamples:208 - Found 22 examples with invalid data (board or MCU)
2023-11-16 11:59:02,585 [INFO] DbExamples:222 - Found 92 boards with related examples
2023-11-16 11:59:02,586 [INFO] DbExamples:235 - Found 78 MCUs with related examples
2023-11-16 11:59:02,621 [INFO] ApiDb:414 - User favorites file not found: C:\Users\Admin/.stm32cubeide/favorites.examples.txt
2023-11-16 11:59:02,622 [INFO] DbExamples:250 - Set 0 / 0 favorites Examples
2023-11-16 11:59:03,633 [INFO] McuFinderGlobals:66 - Set McuFinderConnectedMode to true
2023-11-16 11:59:03,709 [INFO] MultiScanPanel:200 - Auto-refresh data requested => check proxy status ongoing
2023-11-16 11:59:03,717 [INFO] FinderPluginLoader:95 - Searching for filters in installed packs
2023-11-16 11:59:06,910 [INFO] LoadUrlFilesThread:185 - End of LoadServerUrlFiles without Thread
2023-11-16 11:59:06,929 [INFO] DetailPanel:341 - Set advertising image to C:/Users/Admin/STM32Cube/Repository/\en.prom-stm32h5-mcu-finder.jpg
2023-11-16 12:01:01,468 [INFO] MainUpdater:2854 - connection check result : 10
2023-11-16 12:01:01,469 [INFO] MainUpdater:2854 - connection check result : 10
2023-11-16 12:01:01,579 [INFO] MicroXplorer:468 - Change Database Path : 
2023-11-16 12:01:01,613 [INFO] MicroXplorer:498 - Change Database Version : DB.6.0.81
2023-11-16 12:01:01,615 [WARN] ThirdParty:871 - waiting for thirdparty lock release [close project]
2023-11-16 12:01:01,616 [INFO] ThirdParty:873 - entering critical section [close project]
2023-11-16 12:01:01,619 [INFO] ThirdParty:883 - exiting critical section [close project]
2023-11-16 12:01:01,634 [INFO] PinOutPanel:1499 - setPackage(No Configuration,No Configuration)
2023-11-16 12:01:01,650 [INFO] UtilMem:75 - Begin LoadConfig() Used Memory: 546251616 Bytes (580911104)
2023-11-16 12:01:01,654 [INFO] MicroXplorer:468 - Change Database Path : 
2023-11-16 12:01:01,654 [INFO] MicroXplorer:498 - Change Database Version : DB.6.0.81
2023-11-16 12:01:01,654 [INFO] OpenFileManager:308 - Change cursor
2023-11-16 12:01:01,790 [INFO] Mcu:1937 - Initializing MCU STM32F103C6Ux STM32F103C6Ux 
2023-11-16 12:01:01,792 [INFO] Mcu:1950 - No CPN specified => set CPN to STM32F103C6U6A
2023-11-16 12:01:04,392 [INFO] Context:659 - Trying to add GPIOservice into a context  which must be forbidden
2023-11-16 12:01:04,964 [INFO] ImportTextPane:194 - (OptionalMessage_ERROR) Unable to find key (Mcu.ThirdPartyNb) in loaded IOC file
2023-11-16 12:01:04,964 [INFO] ImportTextPane:194 - (OptionalMessage_ERROR) Unable to find key (Mcu.PinsNb) in loaded IOC file
2023-11-16 12:01:04,964 [INFO] ImportTextPane:194 - (OptionalMessage_ERROR) Unable to find key (Mcu.IPNb) in loaded IOC file
2023-11-16 12:01:05,654 [INFO] RtosManager:555 - Registered RTOS mode: class=CMSIS, group=RTOS, mode=CMSIS_V1, owner=FREERTOS
2023-11-16 12:01:05,654 [INFO] RtosManager:555 - Registered RTOS mode: class=CMSIS, group=RTOS2, mode=CMSIS_V2, owner=FREERTOS
2023-11-16 12:01:05,654 [INFO] RtosManager:555 - Registered RTOS mode: class=RTOS, group=Core, mode=CMSIS_V1, owner=FREERTOS
2023-11-16 12:01:05,654 [INFO] RtosManager:555 - Registered RTOS mode: class=RTOS, group=Core, mode=CMSIS_V2, owner=FREERTOS
2023-11-16 12:01:05,655 [WARN] ModelIntegratedComponent:184 - Missing modes for component STMicroelectronics:FreeRTOS:0.0.1:STMicroelectronics:RTOS:FreeRTOS:Core:::10.2.0:
2023-11-16 12:01:05,688 [WARN] ModelIntegratedComponent:63 - No mode defined for component null
2023-11-16 12:01:05,688 [WARN] ModelIntegratedComponent:63 - No mode defined for component null
2023-11-16 12:01:05,688 [WARN] ModelIntegratedComponent:63 - No mode defined for component null
2023-11-16 12:01:05,688 [WARN] ModelIntegratedComponent:63 - No mode defined for component null
2023-11-16 12:01:05,688 [WARN] ModelIntegratedComponent:63 - No mode defined for component null
2023-11-16 12:01:05,688 [WARN] ModelIntegratedComponent:63 - No mode defined for component null
2023-11-16 12:01:05,688 [WARN] ModelIntegratedComponent:63 - No mode defined for component null
2023-11-16 12:01:05,688 [WARN] ModelIntegratedComponent:63 - No mode defined for component null
2023-11-16 12:01:05,689 [WARN] ModelIntegratedComponent:63 - No mode defined for component null
2023-11-16 12:01:05,689 [WARN] ModelIntegratedComponent:63 - No mode defined for component null
2023-11-16 12:01:05,689 [WARN] ModelIntegratedComponent:63 - No mode defined for component null
2023-11-16 12:01:05,690 [WARN] ModelIntegratedComponent:63 - No mode defined for component null
2023-11-16 12:01:05,690 [WARN] ModelIntegratedComponent:63 - No mode defined for component null
2023-11-16 12:01:05,690 [WARN] ModelIntegratedComponent:63 - No mode defined for component null
2023-11-16 12:01:05,690 [WARN] ModelIntegratedComponent:63 - No mode defined for component null
2023-11-16 12:01:05,690 [WARN] ModelIntegratedComponent:63 - No mode defined for component null
2023-11-16 12:01:05,690 [WARN] ModelIntegratedComponent:63 - No mode defined for component null
2023-11-16 12:01:05,691 [WARN] ModelIntegratedComponent:63 - No mode defined for component null
2023-11-16 12:01:05,691 [WARN] ModelIntegratedComponent:63 - No mode defined for component null
2023-11-16 12:01:05,691 [WARN] ModelIntegratedComponent:63 - No mode defined for component null
2023-11-16 12:01:05,692 [WARN] ModelIntegratedComponent:63 - No mode defined for component null
2023-11-16 12:01:05,692 [WARN] ModelIntegratedComponent:63 - No mode defined for component null
2023-11-16 12:01:05,692 [WARN] ModelIntegratedComponent:63 - No mode defined for component null
2023-11-16 12:01:05,692 [WARN] ModelIntegratedComponent:63 - No mode defined for component null
2023-11-16 12:01:05,692 [WARN] ModelIntegratedComponent:63 - No mode defined for component null
2023-11-16 12:01:05,692 [WARN] ModelIntegratedComponent:63 - No mode defined for component null
2023-11-16 12:01:05,693 [WARN] ModelIntegratedComponent:63 - No mode defined for component null
2023-11-16 12:01:05,693 [WARN] ModelIntegratedComponent:63 - No mode defined for component null
2023-11-16 12:01:05,693 [WARN] ModelIntegratedComponent:63 - No mode defined for component null
2023-11-16 12:01:05,693 [WARN] ModelIntegratedComponent:63 - No mode defined for component null
2023-11-16 12:01:05,693 [WARN] ModelIntegratedComponent:63 - No mode defined for component null
2023-11-16 12:01:05,693 [WARN] ModelIntegratedComponent:63 - No mode defined for component null
2023-11-16 12:01:05,693 [WARN] ModelIntegratedComponent:63 - No mode defined for component null
2023-11-16 12:01:05,934 [INFO] ThirdPartyModel:298 - Start build external matchings
2023-11-16 12:01:10,281 [INFO] ThirdPartyModel:316 - End build external matchings
2023-11-16 12:01:10,785 [INFO] UtilMem:75 - End LoadConfig() Used Memory: 512295544 Bytes (613416960)
2023-11-16 12:01:10,857 [WARN] ThirdParty:833 - waiting for thirdparty lock release [change project]
2023-11-16 12:01:10,858 [INFO] ThirdParty:835 - entering critical section [change project]
2023-11-16 12:01:10,859 [INFO] ThirdParty:1030 - CMSIS Pack Vendor :STMicroelectronics X-CUBE-ISPU 1.1.0
2023-11-16 12:01:10,859 [INFO] ThirdParty:1030 - CMSIS Pack Vendor :STMicroelectronics X-CUBE-GNSS1 6.0.0
2023-11-16 12:01:10,859 [INFO] ThirdParty:1030 - CMSIS Pack Vendor :STMicroelectronics USB_HOST 2.0.0
2023-11-16 12:01:10,859 [INFO] ThirdParty:1030 - CMSIS Pack Vendor :STMicroelectronics X-CUBE-AZRTOS-F4 1.1.0
2023-11-16 12:01:10,859 [INFO] ThirdParty:1030 - CMSIS Pack Vendor :STMicroelectronics LIBJPEG 8.0.0
2023-11-16 12:01:10,859 [INFO] ThirdParty:1030 - CMSIS Pack Vendor :STMicroelectronics X-CUBE-SMBUS 2.1.0
2023-11-16 12:01:10,860 [INFO] ThirdParty:1030 - CMSIS Pack Vendor :wolfSSL I-CUBE-wolfSSL 5.6.0
2023-11-16 12:01:10,860 [INFO] ThirdParty:1030 - CMSIS Pack Vendor :STMicroelectronics USB_DEVICE 3.0.0
2023-11-16 12:01:10,860 [INFO] ThirdParty:1030 - CMSIS Pack Vendor :STMicroelectronics X-CUBE-AZRTOS-WB 2.0.0
2023-11-16 12:01:10,860 [INFO] ThirdParty:1030 - CMSIS Pack Vendor :STMicroelectronics X-CUBE-FREERTOS 1.0.1
2023-11-16 12:01:10,860 [INFO] ThirdParty:1030 - CMSIS Pack Vendor :STMicroelectronics X-CUBE-AZRTOS-F7 1.1.0
2023-11-16 12:01:10,860 [INFO] ThirdParty:1030 - CMSIS Pack Vendor :STMicroelectronics X-CUBE-TOUCHGFX 4.21.4
2023-11-16 12:01:10,860 [INFO] ThirdParty:1030 - CMSIS Pack Vendor :STMicroelectronics X-CUBE-AZRTOS-L5 2.0.0
2023-11-16 12:01:10,861 [INFO] ThirdParty:1030 - CMSIS Pack Vendor :STMicroelectronics USB_DEVICE 2.0.0
2023-11-16 12:01:10,861 [INFO] ThirdParty:1030 - CMSIS Pack Vendor :STMicroelectronics X-CUBE-MEMS1 9.6.0
2023-11-16 12:01:10,861 [INFO] ThirdParty:1030 - CMSIS Pack Vendor :STMicroelectronics X-CUBE-EEPRMA1 4.2.0
2023-11-16 12:01:10,861 [INFO] ThirdParty:1030 - CMSIS Pack Vendor :ITTIA_DB I-CUBE-ITTIADB 8.8.0
2023-11-16 12:01:10,861 [INFO] ThirdParty:1030 - CMSIS Pack Vendor :STMicroelectronics FP-SNS-MOTENV1 4.3.2
2023-11-16 12:01:10,861 [INFO] ThirdParty:1030 - CMSIS Pack Vendor :STMicroelectronics FP-SNS-MOTENV1 4.3.1
2023-11-16 12:01:10,862 [INFO] ThirdParty:1030 - CMSIS Pack Vendor :STMicroelectronics FP-SNS-FLIGHT1 5.0.1
2023-11-16 12:01:10,862 [INFO] ThirdParty:1030 - CMSIS Pack Vendor :STMicroelectronics X-CUBE-ALGOBUILD 1.3.0
2023-11-16 12:01:10,862 [INFO] ThirdParty:1030 - CMSIS Pack Vendor :STMicroelectronics X-CUBE-BLE1 6.2.4
2023-11-16 12:01:10,862 [INFO] ThirdParty:1030 - CMSIS Pack Vendor :STMicroelectronics X-CUBE-AZRTOS-L5 1.1.0
2023-11-16 12:01:10,862 [INFO] ThirdParty:1030 - CMSIS Pack Vendor :STMicroelectronics FreeRTOS 0.0.1
2023-11-16 12:01:10,862 [INFO] ThirdParty:1030 - CMSIS Pack Vendor :STMicroelectronics X-CUBE-AZRTOS-G0 1.1.0
2023-11-16 12:01:10,862 [INFO] ThirdParty:1030 - CMSIS Pack Vendor :emotas I-CUBE-CANOPEN 1.1.3
2023-11-16 12:01:10,862 [INFO] ThirdParty:1030 - CMSIS Pack Vendor :STMicroelectronics X-CUBE-BLEMGR 2.0.0
2023-11-16 12:01:10,862 [INFO] ThirdParty:1030 - CMSIS Pack Vendor :STMicroelectronics X-CUBE-AI 8.0.1
2023-11-16 12:01:10,862 [INFO] ThirdParty:1030 - CMSIS Pack Vendor :STMicroelectronics X-CUBE-NFC4 3.0.0
2023-11-16 12:01:10,862 [INFO] ThirdParty:1030 - CMSIS Pack Vendor :STMicroelectronics X-CUBE-SUBG2 5.0.0
2023-11-16 12:01:10,862 [INFO] ThirdParty:1030 - CMSIS Pack Vendor :STMicroelectronics STM32_WPAN 1.0.0
2023-11-16 12:01:10,862 [INFO] ThirdParty:1030 - CMSIS Pack Vendor :STMicroelectronics lwIP 2.0.3
2023-11-16 12:01:10,862 [INFO] ThirdParty:1030 - CMSIS Pack Vendor :STMicroelectronics USB_HOST 1.0.0
2023-11-16 12:01:10,862 [INFO] ThirdParty:1030 - CMSIS Pack Vendor :STMicroelectronics X-CUBE-TOF1 3.3.1
2023-11-16 12:01:10,862 [INFO] ThirdParty:1030 - CMSIS Pack Vendor :STMicroelectronics X-CUBE-AZRTOS-G4 2.0.0
2023-11-16 12:01:10,863 [INFO] ThirdParty:1030 - CMSIS Pack Vendor :STMicroelectronics PDM2PCM 3.1.0
2023-11-16 12:01:10,863 [INFO] ThirdParty:1030 - CMSIS Pack Vendor :STMicroelectronics X-CUBE-AZRTOS-H7 3.1.0
2023-11-16 12:01:10,863 [INFO] ThirdParty:1030 - CMSIS Pack Vendor :STMicroelectronics X-CUBE-TOF1 3.3.0
2023-11-16 12:01:10,863 [INFO] ThirdParty:1030 - CMSIS Pack Vendor :Infineon AIROC-Wi-Fi-Bluetooth-STM32 1.5.1
2023-11-16 12:01:10,863 [INFO] ThirdParty:1030 - CMSIS Pack Vendor :STMicroelectronics X-CUBE-BLEMGR 3.0.0
2023-11-16 12:01:10,863 [INFO] ThirdParty:1030 - CMSIS Pack Vendor :STMicroelectronics PDM2PCM 3.3.0
2023-11-16 12:01:10,863 [INFO] ThirdParty:1030 - CMSIS Pack Vendor :STMicroelectronics X-CUBE-DISPLAY 3.0.0
2023-11-16 12:01:10,863 [INFO] ThirdParty:1030 - CMSIS Pack Vendor :STMicroelectronics FP-SNS-MOTENVWB1 1.3.0
2023-11-16 12:01:10,863 [INFO] ThirdParty:1030 - CMSIS Pack Vendor :STMicroelectronics FP-ATR-SIGFOX1 3.2.0
2023-11-16 12:01:10,863 [INFO] ThirdParty:1030 - CMSIS Pack Vendor :STMicroelectronics HAL Drivers 0.0.0
2023-11-16 12:01:10,864 [INFO] ThirdParty:1030 - CMSIS Pack Vendor :STMicroelectronics MBEDTLS 2.16.2
2023-11-16 12:01:10,864 [INFO] ThirdParty:1030 - CMSIS Pack Vendor :STMicroelectronics X-CUBE-MEMS1 10.0.0
2023-11-16 12:01:10,864 [INFO] ThirdParty:1030 - CMSIS Pack Vendor :STMicroelectronics X-CUBE-FREERTOS 1.1.0
2023-11-16 12:01:10,864 [INFO] ThirdParty:1030 - CMSIS Pack Vendor :STMicroelectronics X-CUBE-TOUCHGFX 4.22.0
2023-11-16 12:01:10,864 [INFO] ThirdParty:1030 - CMSIS Pack Vendor :STMicroelectronics X-CUBE-NFC7 1.0.1
2023-11-16 12:01:10,864 [INFO] ThirdParty:1030 - CMSIS Pack Vendor :STMicroelectronics MBEDTLS 2.14.1
2023-11-16 12:01:10,864 [INFO] ThirdParty:1030 - CMSIS Pack Vendor :STMicroelectronics X-CUBE-TOUCHGFX 4.22.1
2023-11-16 12:01:10,864 [INFO] ThirdParty:1030 - CMSIS Pack Vendor :STMicroelectronics X-CUBE-NFC6 3.0.0
2023-11-16 12:01:10,864 [INFO] ThirdParty:1030 - CMSIS Pack Vendor :STMicroelectronics X-CUBE-EEPRMA1 4.1.0
2023-11-16 12:01:10,864 [INFO] ThirdParty:1030 - CMSIS Pack Vendor :portGmbH I-Cube-SoM-uGOAL 1.1.0
2023-11-16 12:01:10,865 [INFO] ThirdParty:1030 - CMSIS Pack Vendor :STMicroelectronics X-CUBE-ALS 1.0.1
2023-11-16 12:01:10,865 [INFO] ThirdParty:1030 - CMSIS Pack Vendor :STMicroelectronics ThreadX 1.0.0
2023-11-16 12:01:10,865 [INFO] ThirdParty:1030 - CMSIS Pack Vendor :STMicroelectronics FP-SNS-SMARTAG2 1.2.0
2023-11-16 12:01:10,865 [INFO] ThirdParty:1030 - CMSIS Pack Vendor :STMicroelectronics X-CUBE-AZRTOS-WB 1.1.0
2023-11-16 12:01:10,866 [INFO] ThirdParty:1030 - CMSIS Pack Vendor :STMicroelectronics X-CUBE-AZRTOS-WL 2.0.0
2023-11-16 12:01:10,867 [INFO] ThirdParty:1030 - CMSIS Pack Vendor :SEGGER I-CUBE-embOS 1.3.1
2023-11-16 12:01:10,867 [INFO] ThirdParty:1030 - CMSIS Pack Vendor :STMicroelectronics USB_DEVICE 1.0.0
2023-11-16 12:01:10,867 [INFO] ThirdParty:1030 - CMSIS Pack Vendor :STMicroelectronics X-CUBE-AZRTOS-L4 2.0.0
2023-11-16 12:01:10,867 [INFO] ThirdParty:1030 - CMSIS Pack Vendor :STMicroelectronics ThreadX 0.0.2
2023-11-16 12:01:10,867 [INFO] ThirdParty:1030 - CMSIS Pack Vendor :WES I-CUBE-Cesium 1.3.0
2023-11-16 12:01:10,867 [INFO] ThirdParty:1030 - CMSIS Pack Vendor :STMicroelectronics FP-ATR-ASTRA1 2.0.0
2023-11-16 12:01:10,867 [INFO] ThirdParty:1030 - CMSIS Pack Vendor :STMicroelectronics lwIP 2.1.2
2023-11-16 12:01:10,867 [INFO] ThirdParty:1030 - CMSIS Pack Vendor :STMicroelectronics X-CUBE-SFXS2LP1 4.0.0
2023-11-16 12:01:10,867 [INFO] ThirdParty:1030 - CMSIS Pack Vendor :STMicroelectronics X-CUBE-BLE2 3.3.0
2023-11-16 12:01:10,867 [INFO] ThirdParty:1030 - CMSIS Pack Vendor :STMicroelectronics PDM2PCM 3.2.0
2023-11-16 12:01:10,868 [INFO] ThirdParty:841 - exiting critical section [change project]
2023-11-16 12:01:11,969 [INFO] PinOutPanel:1499 - setPackage(No Configuration,No Configuration)
2023-11-16 12:01:11,971 [INFO] PinOutPanel:1499 - setPackage(STM32F103C6Ux,UFQFPN48)
2023-11-16 12:01:14,311 [INFO] UtilMem:75 - Before build in PCC Used Memory: 511845600 Bytes (613416960)
2023-11-16 12:01:19,842 [INFO] UtilMem:75 - After build in PCC Used Memory: 528897200 Bytes (613416960)
2023-11-16 12:01:19,884 [INFO] IPUIPlugin:80 - create IPUIPlugin
2023-11-16 12:01:19,884 [INFO] IPUIPlugin:80 - create IPUIPlugin
2023-11-16 12:01:19,884 [INFO] IPUIPlugin:80 - create IPUIPlugin
2023-11-16 12:01:19,885 [INFO] IPUIPlugin:80 - create IPUIPlugin
2023-11-16 12:01:19,885 [INFO] IPUIPlugin:80 - create IPUIPlugin
2023-11-16 12:01:19,885 [INFO] IPUIPlugin:80 - create IPUIPlugin
2023-11-16 12:01:19,890 [INFO] IPUIPlugin:80 - create IPUIPlugin
2023-11-16 12:01:19,890 [INFO] IPUIPlugin:80 - create IPUIPlugin
2023-11-16 12:01:19,895 [INFO] IPUIPlugin:80 - create IPUIPlugin
2023-11-16 12:01:19,895 [INFO] IPUIPlugin:80 - create IPUIPlugin
2023-11-16 12:01:19,896 [INFO] IPUIPlugin:80 - create IPUIPlugin
2023-11-16 12:01:19,896 [INFO] IPUIPlugin:80 - create IPUIPlugin
2023-11-16 12:01:19,899 [INFO] IPUIPlugin:80 - create IPUIPlugin
2023-11-16 12:01:19,900 [INFO] IPUIPlugin:80 - create IPUIPlugin
2023-11-16 12:01:19,901 [INFO] IPUIPlugin:80 - create IPUIPlugin
2023-11-16 12:01:19,901 [INFO] IPUIPlugin:80 - create IPUIPlugin
2023-11-16 12:01:19,901 [INFO] IPUIPlugin:80 - create IPUIPlugin
2023-11-16 12:01:19,901 [INFO] IPUIPlugin:80 - create IPUIPlugin
2023-11-16 12:01:19,902 [INFO] IPUIPlugin:80 - create IPUIPlugin
2023-11-16 12:01:19,904 [INFO] IPUIPlugin:80 - create IPUIPlugin
2023-11-16 12:01:19,904 [INFO] IPUIPlugin:80 - create IPUIPlugin
2023-11-16 12:01:19,904 [INFO] IPUIPlugin:80 - create IPUIPlugin
2023-11-16 12:01:19,905 [INFO] IPUIPlugin:80 - create IPUIPlugin
2023-11-16 12:01:20,420 [INFO] CADModel:165 - CPN selected for project levelSTM32F103C6U6A
2023-11-16 12:01:20,420 [INFO] CADModel:114 - Register for checkConnection events
2023-11-16 12:01:20,511 [INFO] OpenFileManager:328 - Restore cursor
2023-11-16 12:01:23,110 [INFO] UtilMem:75 - End SaveConfig() Used Memory: 525369200 Bytes (613416960)
2023-11-16 12:01:23,384 [INFO] UtilMem:75 - End SaveConfig() Used Memory: 536085024 Bytes (613416960)
2023-11-16 12:01:24,418 [INFO] BlockDiagram:2759 - set Specific Code input for plugin: NVIC
2023-11-16 12:01:24,419 [INFO] BlockDiagram:2759 - set Specific Code input for plugin: RCC
2023-11-16 12:01:24,421 [INFO] CodeGenerator:793 - code generatio: config db path: C:\ST\STM32CubeIDE_1.12.1\STM32CubeIDE\plugins\com.st.stm32cube.common.mx_6.8.1.202304191431\\db\
2023-11-16 12:01:25,886 [INFO] CodeEngine:255 - oldGeneratedFile, D:\231_semester\Microprocessor\lab_5_demo\SCH\MXTmpFiles\license.tmp_save
2023-11-16 12:01:30,103 [INFO] CodeEngine:279 - Generated code: D:\231_semester\Microprocessor\lab_5_demo\SCH\MXTmpFiles\license.tmp
2023-11-16 12:01:30,169 [INFO] CodeEngine:255 - oldGeneratedFile, D:\231_semester\Microprocessor\lab_5_demo\SCH\Core\Src\stm32f1xx_it.c_save
2023-11-16 12:01:30,631 [INFO] CodeEngine:279 - Generated code: D:\231_semester\Microprocessor\lab_5_demo\SCH\Core\Src\stm32f1xx_it.c
2023-11-16 12:01:30,656 [INFO] CodeEngine:255 - oldGeneratedFile, D:\231_semester\Microprocessor\lab_5_demo\SCH\Core\Inc\stm32f1xx_it.h_save
2023-11-16 12:01:31,287 [INFO] CodeEngine:279 - Generated code: D:\231_semester\Microprocessor\lab_5_demo\SCH\Core\Inc\stm32f1xx_it.h
2023-11-16 12:01:32,045 [INFO] CodeEngine:255 - oldGeneratedFile, D:\231_semester\Microprocessor\lab_5_demo\SCH\Core\Src\stm32f1xx_hal_msp.c_save
2023-11-16 12:01:33,659 [INFO] CodeEngine:279 - Generated code: D:\231_semester\Microprocessor\lab_5_demo\SCH\Core\Src\stm32f1xx_hal_msp.c
2023-11-16 12:01:33,678 [INFO] CodeEngine:255 - oldGeneratedFile, D:\231_semester\Microprocessor\lab_5_demo\SCH\MXTmpFiles\system.tmp_save
2023-11-16 12:01:33,916 [INFO] CodeEngine:279 - Generated code: D:\231_semester\Microprocessor\lab_5_demo\SCH\MXTmpFiles\system.tmp
2023-11-16 12:01:33,952 [INFO] CodeEngine:311 - oldGeneratedFile, D:\231_semester\Microprocessor\lab_5_demo\SCH\Core\Inc\stm32f1xx_hal_conf.h_save
2023-11-16 12:01:34,465 [INFO] CodeEngine:335 - Generated code: D:\231_semester\Microprocessor\lab_5_demo\SCH\Core\Inc\stm32f1xx_hal_conf.h
2023-11-16 12:01:34,622 [INFO] CodeEngine:255 - oldGeneratedFile, D:\231_semester\Microprocessor\lab_5_demo\SCH\Core\Inc\main.h_save
2023-11-16 12:01:34,948 [INFO] CodeEngine:279 - Generated code: D:\231_semester\Microprocessor\lab_5_demo\SCH\Core\Inc\main.h
2023-11-16 12:01:34,979 [INFO] CodeEngine:255 - oldGeneratedFile, D:\231_semester\Microprocessor\lab_5_demo\SCH\Core\Src\main.c_save
2023-11-16 12:01:35,546 [INFO] CodeEngine:279 - Generated code: D:\231_semester\Microprocessor\lab_5_demo\SCH\Core\Src\main.c
2023-11-16 12:01:38,252 [INFO] ProjectBuilder:2996 - Time for Copy HAL[1] : 341mS.
2023-11-16 12:01:38,299 [INFO] ProjectBuilder:4304 - Project Generator version: 3.19.2
2023-11-16 12:01:39,621 [INFO] ConfigFileManager:1483 - The Die is : DIE412
2023-11-16 12:01:39,665 [INFO] ApiDbMcu:507 - Load IP Config File for FATFS
2023-11-16 12:01:39,718 [INFO] ApiDbMcu:507 - Load IP Config File for FREERTOS
2023-11-16 12:01:39,767 [INFO] ApiDbMcu:507 - Load IP Config File for USB_DEVICE
2023-11-16 12:01:46,261 [INFO] LogOutputStream:77 - [STDOUT_REDIRECT] 
2023-11-16 12:01:59,699 [INFO] ProjectBuilder:4505 - Time for Generating toolchain IDE Files: 21399mS.
2023-11-16 12:01:59,701 [INFO] ProjectBuilder:2867 - Time for Copy CMSIS : 1mS.
2023-11-16 12:01:59,706 [INFO] ProjectBuilder:2867 - Time for Copy CMSIS : 0mS.
2023-11-16 12:02:06,098 [INFO] McuFinderGlobals:66 - Set McuFinderConnectedMode to true
2023-11-16 12:02:06,105 [INFO] ApiDb:448 - Save user favorites file C:\Users\Admin/.stm32cubeide/favorites.mcus.txt: 0 item(s)
2023-11-16 12:02:06,105 [INFO] ApiDb:452 - User favorites MCUs=[]
2023-11-16 12:02:26,959 [INFO] NvicIntPanel:101 - NVIC parent = com.st.microxplorer.plugins.ip.nvic.MultiNvicIntPanel[,0,0,0x0,invalid,layout=javax.swing.BoxLayout,alignmentX=0.0,alignmentY=0.0,border=,flags=9,maximumSize=,minimumSize=,preferredSize=]
2023-11-16 12:02:28,980 [INFO] NvicIntPanel:101 - NVIC parent = com.st.microxplorer.plugins.ip.nvic.MultiNvicIntPanel[,0,0,0x0,invalid,layout=javax.swing.BoxLayout,alignmentX=0.0,alignmentY=0.0,border=,flags=9,maximumSize=,minimumSize=,preferredSize=]
2023-11-16 12:02:46,406 [INFO] NvicIntPanel:101 - NVIC parent = com.st.microxplorer.plugins.ip.nvic.MultiNvicIntPanel[,0,0,450x89,layout=javax.swing.BoxLayout,alignmentX=0.0,alignmentY=0.0,border=,flags=9,maximumSize=,minimumSize=,preferredSize=]
2023-11-16 12:02:47,877 [INFO] NvicIntPanel:101 - NVIC parent = com.st.microxplorer.plugins.ip.nvic.MultiNvicIntPanel[,0,0,0x0,invalid,layout=javax.swing.BoxLayout,alignmentX=0.0,alignmentY=0.0,border=,flags=9,maximumSize=,minimumSize=,preferredSize=]
2023-11-16 12:02:54,633 [INFO] NvicIntPanel:101 - NVIC parent = com.st.microxplorer.plugins.ip.nvic.MultiNvicIntPanel[,0,0,0x0,invalid,layout=javax.swing.BoxLayout,alignmentX=0.0,alignmentY=0.0,border=,flags=9,maximumSize=,minimumSize=,preferredSize=]
2023-11-16 12:03:34,295 [INFO] UtilMem:75 - End SaveConfig() Used Memory: 689142040 Bytes (921698304)
2023-11-16 12:03:37,037 [INFO] UtilMem:75 - End SaveConfig() Used Memory: 539662104 Bytes (921698304)
2023-11-16 12:03:41,012 [INFO] UtilMem:75 - End SaveConfig() Used Memory: 661814920 Bytes (921698304)
2023-11-16 12:03:41,913 [INFO] BlockDiagram:2759 - set Specific Code input for plugin: NVIC
2023-11-16 12:03:41,913 [INFO] BlockDiagram:2759 - set Specific Code input for plugin: GPIO
2023-11-16 12:03:41,913 [INFO] BlockDiagram:2759 - set Specific Code input for plugin: USART
2023-11-16 12:03:41,914 [INFO] BlockDiagram:2759 - set Specific Code input for plugin: RCC
2023-11-16 12:03:41,914 [INFO] BlockDiagram:2759 - set Specific Code input for plugin: TIM1_8F1
2023-11-16 12:03:41,915 [INFO] CodeGenerator:793 - code generatio: config db path: C:\ST\STM32CubeIDE_1.12.1\STM32CubeIDE\plugins\com.st.stm32cube.common.mx_6.8.1.202304191431\\db\
2023-11-16 12:03:42,343 [INFO] CodeEngine:255 - oldGeneratedFile, D:\231_semester\Microprocessor\lab_5_demo\SCH\MXTmpFiles\license.tmp_save
2023-11-16 12:03:42,669 [INFO] CodeEngine:279 - Generated code: D:\231_semester\Microprocessor\lab_5_demo\SCH\MXTmpFiles\license.tmp
2023-11-16 12:03:42,795 [INFO] CodeEngine:255 - oldGeneratedFile, D:\231_semester\Microprocessor\lab_5_demo\SCH\MXTmpFiles\gpio.tmp_save
2023-11-16 12:03:43,221 [INFO] CodeEngine:279 - Generated code: D:\231_semester\Microprocessor\lab_5_demo\SCH\MXTmpFiles\gpio.tmp
2023-11-16 12:03:43,476 [INFO] CodeEngine:255 - oldGeneratedFile, D:\231_semester\Microprocessor\lab_5_demo\SCH\Core\Src\stm32f1xx_it.c_save
2023-11-16 12:03:43,834 [INFO] CodeEngine:279 - Generated code: D:\231_semester\Microprocessor\lab_5_demo\SCH\Core\Src\stm32f1xx_it.c
2023-11-16 12:03:43,845 [INFO] CodeEngine:255 - oldGeneratedFile, D:\231_semester\Microprocessor\lab_5_demo\SCH\Core\Inc\stm32f1xx_it.h_save
2023-11-16 12:03:44,026 [INFO] CodeEngine:279 - Generated code: D:\231_semester\Microprocessor\lab_5_demo\SCH\Core\Inc\stm32f1xx_it.h
2023-11-16 12:03:44,091 [INFO] CodeEngine:255 - oldGeneratedFile, D:\231_semester\Microprocessor\lab_5_demo\SCH\Core\Src\stm32f1xx_hal_msp.c_save
2023-11-16 12:03:44,483 [INFO] CodeEngine:279 - Generated code: D:\231_semester\Microprocessor\lab_5_demo\SCH\Core\Src\stm32f1xx_hal_msp.c
2023-11-16 12:03:44,497 [INFO] CodeEngine:255 - oldGeneratedFile, D:\231_semester\Microprocessor\lab_5_demo\SCH\MXTmpFiles\system.tmp_save
2023-11-16 12:03:44,793 [INFO] CodeEngine:279 - Generated code: D:\231_semester\Microprocessor\lab_5_demo\SCH\MXTmpFiles\system.tmp
2023-11-16 12:03:44,816 [INFO] CodeEngine:311 - oldGeneratedFile, D:\231_semester\Microprocessor\lab_5_demo\SCH\Core\Inc\stm32f1xx_hal_conf.h_save
2023-11-16 12:03:45,025 [INFO] CodeEngine:335 - Generated code: D:\231_semester\Microprocessor\lab_5_demo\SCH\Core\Inc\stm32f1xx_hal_conf.h
2023-11-16 12:03:45,092 [WARN] IPConfigManager:3431 - IP not found : TIM
2023-11-16 12:03:45,094 [WARN] CodeGenerator:3754 - IP not found : null
2023-11-16 12:03:45,139 [INFO] CodeEngine:255 - oldGeneratedFile, D:\231_semester\Microprocessor\lab_5_demo\SCH\Core\Inc\main.h_save
2023-11-16 12:03:45,310 [INFO] CodeEngine:279 - Generated code: D:\231_semester\Microprocessor\lab_5_demo\SCH\Core\Inc\main.h
2023-11-16 12:03:45,335 [INFO] CodeEngine:255 - oldGeneratedFile, D:\231_semester\Microprocessor\lab_5_demo\SCH\Core\Src\main.c_save
2023-11-16 12:03:45,541 [INFO] CodeEngine:279 - Generated code: D:\231_semester\Microprocessor\lab_5_demo\SCH\Core\Src\main.c
2023-11-16 12:03:46,866 [INFO] ProjectBuilder:2996 - Time for Copy HAL[1] : 186mS.
2023-11-16 12:03:46,872 [INFO] ProjectBuilder:4304 - Project Generator version: 3.19.2
2023-11-16 12:03:47,476 [INFO] ConfigFileManager:1483 - The Die is : DIE412
2023-11-16 12:03:53,760 [INFO] ProjectBuilder:4505 - Time for Generating toolchain IDE Files: 6888mS.
2023-11-16 12:03:53,761 [INFO] ProjectBuilder:2867 - Time for Copy CMSIS : 1mS.
2023-11-16 12:03:53,763 [INFO] ProjectBuilder:2867 - Time for Copy CMSIS : 0mS.
2023-11-16 17:42:33,795 [INFO] Activator:176 - 


2023-11-16 17:42:33,801 [INFO] Activator:177 - !SESSION log4j initialized
2023-11-16 17:43:06,949 [INFO] LogOutputStream:77 - [STDOUT_REDIRECT] 
2023-11-16 17:43:32,911 [ERROR] LogOutputStream:75 - [STDERR_REDIRECT] SLF4J: Failed to load class "org.slf4j.impl.StaticLoggerBinder".
2023-11-16 17:43:32,912 [ERROR] LogOutputStream:75 - [STDERR_REDIRECT] SLF4J: Defaulting to no-operation (NOP) logger implementation
2023-11-16 17:43:32,934 [ERROR] LogOutputStream:75 - [STDERR_REDIRECT] SLF4J: See http://www.slf4j.org/codes.html#StaticLoggerBinder for further details.
2023-11-16 18:32:12,898 [ERROR] ConfigurationRetriever:142 - IOException on connection: Read timed out
2023-11-16 21:05:02,865 [INFO] Activator:176 - 


2023-11-16 21:05:02,870 [INFO] Activator:177 - !SESSION log4j initialized
2023-11-16 21:05:20,703 [INFO] LogOutputStream:77 - [STDOUT_REDIRECT] 
2023-11-16 21:05:47,600 [ERROR] LogOutputStream:75 - [STDERR_REDIRECT] SLF4J: Failed to load class "org.slf4j.impl.StaticLoggerBinder".
2023-11-16 21:05:47,601 [ERROR] LogOutputStream:75 - [STDERR_REDIRECT] SLF4J: Defaulting to no-operation (NOP) logger implementation
2023-11-16 21:05:47,607 [ERROR] LogOutputStream:75 - [STDERR_REDIRECT] SLF4J: See http://www.slf4j.org/codes.html#StaticLoggerBinder for further details.
